#
# A fatal error has been detected by the Java Runtime Environment:
#
#  EXCEPTION_ACCESS_VIOLATION (0xc0000005) at pc=0x00007ffe7007c75d, pid=10880, tid=13768
#
# JRE version: Java(TM) SE Runtime Environment (17.0.10+11) (build 17.0.10+11-LTS-240)
# Java VM: Java HotSpot(TM) 64-Bit Server VM (17.0.10+11-LTS-240, mixed mode, emulated-client, sharing, tiered, compressed oops, compressed class ptrs, g1 gc, windows-amd64)
# Problematic frame:
# C  [lwjgl_opengl.dll+0xc75d]
#
# No core dump will be written. Minidumps are not enabled by default on client versions of Windows
#
# If you would like to submit a bug report, please visit:
#   https://bugreport.java.com/bugreport/crash.jsp
# The crash happened outside the Java Virtual Machine in native code.
# See problematic frame for where to report the bug.
#

---------------  S U M M A R Y ------------

Command Line: -XX:TieredStopAtLevel=1 ctu.game.platformer.PlatformApplication

Host: 12th Gen Intel(R) Core(TM) i3-12100F, 8 cores, 15G,  Windows 10 , 64 bit Build 19041 (10.0.19041.5438)
Time: Mon Mar 31 19:47:17 2025 SE Asia Standard Time elapsed time: 0.738963 seconds (0d 0h 0m 0s)

---------------  T H R E A D  ---------------

Current thread (0x000002b35fef5270):  JavaThread "main" [_thread_in_native, id=13768, stack(0x000000bb1c800000,0x000000bb1c900000)]

Stack: [0x000000bb1c800000,0x000000bb1c900000],  sp=0x000000bb1c8fcdd8,  free space=1011k
Native frames: (J=compiled Java code, j=interpreted, Vv=VM code, C=native code)
C  [lwjgl_opengl.dll+0xc75d]

Java frames: (J=compiled Java code, j=interpreted, Vv=VM code)
j  org.lwjgl.opengl.GL11C.nglGenTextures(IJ)V+0
j  org.lwjgl.opengl.GL11C.glGenTextures()I+20
j  org.lwjgl.opengl.GL11.glGenTextures()I+0
j  ctu.game.platformer.model.platformer.Player.loadSprite(Ljava/lang/String;)V+169
j  ctu.game.platformer.model.platformer.Player.setTileMap(Lctu/game/platformer/model/tilemap/TileMap;)V+20
j  ctu.game.platformer.service.PlatformerSystem.<init>(Lctu/game/platformer/service/GameStateManager;Lctu/game/platformer/controller/InputController;Lctu/game/platformer/model/tilemap/TileMap;II)V+72
v  ~StubRoutines::call_stub
J 1582  jdk.internal.reflect.NativeConstructorAccessorImpl.newInstance0(Ljava/lang/reflect/Constructor;[Ljava/lang/Object;)Ljava/lang/Object; java.base@17.0.10 (0 bytes) @ 0x000002b367cb938e [0x000002b367cb9320+0x000000000000006e]
J 1581 c1 jdk.internal.reflect.NativeConstructorAccessorImpl.newInstance([Ljava/lang/Object;)Ljava/lang/Object; java.base@17.0.10 (122 bytes) @ 0x000002b367cbae34 [0x000002b367cbaba0+0x0000000000000294]
J 1580 c1 jdk.internal.reflect.DelegatingConstructorAccessorImpl.newInstance([Ljava/lang/Object;)Ljava/lang/Object; java.base@17.0.10 (9 bytes) @ 0x000002b367cb9864 [0x000002b367cb9820+0x0000000000000044]
J 1579 c1 java.lang.reflect.Constructor.newInstanceWithCaller([Ljava/lang/Object;ZLjava/lang/Class;)Ljava/lang/Object; java.base@17.0.10 (75 bytes) @ 0x000002b367cb9c34 [0x000002b367cb9b60+0x00000000000000d4]
J 1587 c1 java.lang.reflect.Constructor.newInstance([Ljava/lang/Object;)Ljava/lang/Object; java.base@17.0.10 (34 bytes) @ 0x000002b367cbbd4c [0x000002b367cbbcc0+0x000000000000008c]
j  org.springframework.beans.BeanUtils.instantiateClass(Ljava/lang/reflect/Constructor;[Ljava/lang/Object;)Ljava/lang/Object;+149
j  org.springframework.beans.factory.support.SimpleInstantiationStrategy.instantiate(Lorg/springframework/beans/factory/support/RootBeanDefinition;Ljava/lang/String;Lorg/springframework/beans/factory/BeanFactory;Ljava/lang/reflect/Constructor;[Ljava/lang/Object;)Ljava/lang/Object;+11
j  org.springframework.beans.factory.support.ConstructorResolver.instantiate(Ljava/lang/String;Lorg/springframework/beans/factory/support/RootBeanDefinition;Ljava/lang/reflect/Constructor;[Ljava/lang/Object;)Ljava/lang/Object;+20
j  org.springframework.beans.factory.support.ConstructorResolver.autowireConstructor(Ljava/lang/String;Lorg/springframework/beans/factory/support/RootBeanDefinition;[Ljava/lang/reflect/Constructor;[Ljava/lang/Object;)Lorg/springframework/beans/BeanWrapper;+912
j  org.springframework.beans.factory.support.AbstractAutowireCapableBeanFactory.autowireConstructor(Ljava/lang/String;Lorg/springframework/beans/factory/support/RootBeanDefinition;[Ljava/lang/reflect/Constructor;[Ljava/lang/Object;)Lorg/springframework/beans/BeanWrapper;+13
j  org.springframework.beans.factory.support.AbstractAutowireCapableBeanFactory.createBeanInstance(Ljava/lang/String;Lorg/springframework/beans/factory/support/RootBeanDefinition;[Ljava/lang/Object;)Lorg/springframework/beans/BeanWrapper;+213
j  org.springframework.beans.factory.support.AbstractAutowireCapableBeanFactory.doCreateBean(Ljava/lang/String;Lorg/springframework/beans/factory/support/RootBeanDefinition;[Ljava/lang/Object;)Ljava/lang/Object;+34
j  org.springframework.beans.factory.support.AbstractAutowireCapableBeanFactory.createBean(Ljava/lang/String;Lorg/springframework/beans/factory/support/RootBeanDefinition;[Ljava/lang/Object;)Ljava/lang/Object;+153
j  org.springframework.beans.factory.support.AbstractBeanFactory.lambda$doGetBean$0(Ljava/lang/String;Lorg/springframework/beans/factory/support/RootBeanDefinition;[Ljava/lang/Object;)Ljava/lang/Object;+4
j  org.springframework.beans.factory.support.AbstractBeanFactory$$Lambda$326+0x000002b301181d78.getObject()Ljava/lang/Object;+16
j  org.springframework.beans.factory.support.DefaultSingletonBeanRegistry.getSingleton(Ljava/lang/String;Lorg/springframework/beans/factory/ObjectFactory;)Ljava/lang/Object;+683
J 2641 c1 org.springframework.beans.factory.support.AbstractBeanFactory.doGetBean(Ljava/lang/String;Ljava/lang/Class;[Ljava/lang/Object;Z)Ljava/lang/Object; (787 bytes) @ 0x000002b367ec1d24 [0x000002b367ec1700+0x0000000000000624]
j  org.springframework.beans.factory.support.AbstractBeanFactory.getBean(Ljava/lang/String;)Ljava/lang/Object;+5
j  org.springframework.beans.factory.support.DefaultListableBeanFactory.doResolveDependency(Lorg/springframework/beans/factory/config/DependencyDescriptor;Ljava/lang/String;Ljava/util/Set;Lorg/springframework/beans/TypeConverter;)Ljava/lang/Object;+346
j  org.springframework.beans.factory.support.DefaultListableBeanFactory.resolveDependency(Lorg/springframework/beans/factory/config/DependencyDescriptor;Ljava/lang/String;Ljava/util/Set;Lorg/springframework/beans/TypeConverter;)Ljava/lang/Object;+117
j  org.springframework.beans.factory.annotation.AutowiredAnnotationBeanPostProcessor$AutowiredFieldElement.resolveFieldValue(Ljava/lang/reflect/Field;Ljava/lang/Object;Ljava/lang/String;)Ljava/lang/Object;+81
j  org.springframework.beans.factory.annotation.AutowiredAnnotationBeanPostProcessor$AutowiredFieldElement.inject(Ljava/lang/Object;Ljava/lang/String;Lorg/springframework/beans/PropertyValues;)V+74
j  org.springframework.beans.factory.annotation.InjectionMetadata.inject(Ljava/lang/Object;Ljava/lang/String;Lorg/springframework/beans/PropertyValues;)V+68
j  org.springframework.beans.factory.annotation.AutowiredAnnotationBeanPostProcessor.postProcessProperties(Lorg/springframework/beans/PropertyValues;Ljava/lang/Object;Ljava/lang/String;)Lorg/springframework/beans/PropertyValues;+17
j  org.springframework.beans.factory.support.AbstractAutowireCapableBeanFactory.populateBean(Ljava/lang/String;Lorg/springframework/beans/factory/support/RootBeanDefinition;Lorg/springframework/beans/BeanWrapper;)V+280
j  org.springframework.beans.factory.support.AbstractAutowireCapableBeanFactory.doCreateBean(Ljava/lang/String;Lorg/springframework/beans/factory/support/RootBeanDefinition;[Ljava/lang/Object;)Ljava/lang/Object;+220
j  org.springframework.beans.factory.support.AbstractAutowireCapableBeanFactory.createBean(Ljava/lang/String;Lorg/springframework/beans/factory/support/RootBeanDefinition;[Ljava/lang/Object;)Ljava/lang/Object;+153
j  org.springframework.beans.factory.support.AbstractBeanFactory.lambda$doGetBean$0(Ljava/lang/String;Lorg/springframework/beans/factory/support/RootBeanDefinition;[Ljava/lang/Object;)Ljava/lang/Object;+4
j  org.springframework.beans.factory.support.AbstractBeanFactory$$Lambda$326+0x000002b301181d78.getObject()Ljava/lang/Object;+16
j  org.springframework.beans.factory.support.DefaultSingletonBeanRegistry.getSingleton(Ljava/lang/String;Lorg/springframework/beans/factory/ObjectFactory;)Ljava/lang/Object;+683
J 2641 c1 org.springframework.beans.factory.support.AbstractBeanFactory.doGetBean(Ljava/lang/String;Ljava/lang/Class;[Ljava/lang/Object;Z)Ljava/lang/Object; (787 bytes) @ 0x000002b367ec1d24 [0x000002b367ec1700+0x0000000000000624]
j  org.springframework.beans.factory.support.AbstractBeanFactory.getBean(Ljava/lang/String;)Ljava/lang/Object;+5
j  org.springframework.beans.factory.support.DefaultListableBeanFactory.instantiateSingleton(Ljava/lang/String;)V+51
j  org.springframework.beans.factory.support.DefaultListableBeanFactory.preInstantiateSingleton(Ljava/lang/String;Lorg/springframework/beans/factory/support/RootBeanDefinition;)Ljava/util/concurrent/CompletableFuture;+141
j  org.springframework.beans.factory.support.DefaultListableBeanFactory.preInstantiateSingletons()V+121
j  org.springframework.context.support.AbstractApplicationContext.finishBeanFactoryInitialization(Lorg/springframework/beans/factory/config/ConfigurableListableBeanFactory;)V+284
j  org.springframework.context.support.AbstractApplicationContext.refresh()V+94
j  org.springframework.boot.SpringApplication.refresh(Lorg/springframework/context/ConfigurableApplicationContext;)V+1
j  org.springframework.boot.SpringApplication.refreshContext(Lorg/springframework/context/ConfigurableApplicationContext;)V+19
j  org.springframework.boot.SpringApplication.run([Ljava/lang/String;)Lorg/springframework/context/ConfigurableApplicationContext;+113
j  org.springframework.boot.SpringApplication.run([Ljava/lang/Class;[Ljava/lang/String;)Lorg/springframework/context/ConfigurableApplicationContext;+9
j  org.springframework.boot.SpringApplication.run(Ljava/lang/Class;[Ljava/lang/String;)Lorg/springframework/context/ConfigurableApplicationContext;+9
j  ctu.game.platformer.PlatformApplication.main([Ljava/lang/String;)V+3
v  ~StubRoutines::call_stub

siginfo: EXCEPTION_ACCESS_VIOLATION (0xc0000005), reading address 0x00000000000002d8


Registers:
RAX=0x000002b37b6eee00, RBX=0x000002b377d17250, RCX=0x0000000000000001, RDX=0x000002b37b7510dc
RSP=0x000000bb1c8fcdd8, RBP=0x000000bb1c8fce68, RSI=0x000000000000000b, RDI=0x000002b3677b93d6
R8 =0x0000000000000001, R9 =0x000002b37b7510dc, R10=0x0000000000000000, R11=0x0000000711021560
R12=0x0000000000000000, R13=0x000002b377d17250, R14=0x000000bb1c8fce98, R15=0x000002b35fef5270
RIP=0x00007ffe7007c75d, EFLAGS=0x0000000000010202


Register to memory mapping:

RIP=0x00007ffe7007c75d lwjgl_opengl.dll
RAX=0x000002b37b6eee00 points into unknown readable memory: 0x0000000000000000 | 00 00 00 00 00 00 00 00
RBX={method} {0x000002b377d17258} 'nglGenTextures' '(IJ)V' in 'org/lwjgl/opengl/GL11C'
RCX=0x0000000000000001 is an unknown value
RDX=0x000002b37b7510dc points into unknown readable memory: 00 00 00 00
RSP=0x000000bb1c8fcdd8 is pointing into the stack for thread: 0x000002b35fef5270
RBP=0x000000bb1c8fce68 is pointing into the stack for thread: 0x000002b35fef5270
RSI=0x000000000000000b is an unknown value
RDI=0x000002b3677b93d6 is at code_begin+822 in an Interpreter codelet
return entry points  [0x000002b3677b90a0, 0x000002b3677b98c0]  2080 bytes
R8 =0x0000000000000001 is an unknown value
R9 =0x000002b37b7510dc points into unknown readable memory: 00 00 00 00
R10=0x0 is NULL
R11=0x0000000711021560 is an oop: java.lang.Class 
{0x0000000711021560} - klass: 'java/lang/Class'
 - ---- fields (total size 116 words):
 - private volatile transient 'classRedefinedCount' 'I' @12  0
 - private volatile transient 'cachedConstructor' 'Ljava/lang/reflect/Constructor;' @40  NULL (0)
 - private transient 'name' 'Ljava/lang/String;' @44  "org.lwjgl.opengl.GL11C"{0x0000000711021910} (e2204322)
 - private transient 'module' 'Ljava/lang/Module;' @48  a 'java/lang/Module'{0x000000070242b510} (e04856a2)
 - private final 'classLoader' 'Ljava/lang/ClassLoader;' @52  a 'jdk/internal/loader/ClassLoaders$AppClassLoader'{0x0000000702400000} (e0480000)
 - private transient 'classData' 'Ljava/lang/Object;' @56  NULL (0)
 - private transient 'packageName' 'Ljava/lang/String;' @60  "org.lwjgl.opengl"{0x000000071137b0a0} (e226f614)
 - private final 'componentType' 'Ljava/lang/Class;' @64  NULL (0)
 - private volatile transient 'reflectionData' 'Ljava/lang/ref/SoftReference;' @68  NULL (0)
 - private volatile transient 'genericInfo' 'Lsun/reflect/generics/repository/ClassRepository;' @72  NULL (0)
 - private volatile transient 'enumConstants' '[Ljava/lang/Object;' @76  NULL (0)
 - private volatile transient 'enumConstantDirectory' 'Ljava/util/Map;' @80  NULL (0)
 - private volatile transient 'annotationData' 'Ljava/lang/Class$AnnotationData;' @84  NULL (0)
 - private volatile transient 'annotationType' 'Lsun/reflect/annotation/AnnotationType;' @88  NULL (0)
 - transient 'classValueMap' 'Ljava/lang/ClassValue$ClassValueMap;' @92  NULL (0)
 - signature: Lorg/lwjgl/opengl/GL11C;
 - fake entry for mirror: 'org/lwjgl/opengl/GL11C'
 - fake entry for array: NULL
 - fake entry for oop_size: 116
 - fake entry for static_oop_field_count: 0
 - public static final 'GL_NEVER' 'I' @112  512 (200)
 - public static final 'GL_LESS' 'I' @116  513 (201)
 - public static final 'GL_EQUAL' 'I' @120  514 (202)
 - public static final 'GL_LEQUAL' 'I' @124  515 (203)
 - public static final 'GL_GREATER' 'I' @128  516 (204)
 - public static final 'GL_NOTEQUAL' 'I' @132  517 (205)
 - public static final 'GL_GEQUAL' 'I' @136  518 (206)
 - public static final 'GL_ALWAYS' 'I' @140  519 (207)
 - public static final 'GL_DEPTH_BUFFER_BIT' 'I' @144  256 (100)
 - public static final 'GL_STENCIL_BUFFER_BIT' 'I' @148  1024 (400)
 - public static final 'GL_COLOR_BUFFER_BIT' 'I' @152  16384 (4000)
 - public static final 'GL_POINTS' 'I' @156  0
 - public static final 'GL_LINES' 'I' @160  1
 - public static final 'GL_LINE_LOOP' 'I' @164  2
 - public static final 'GL_LINE_STRIP' 'I' @168  3
 - public static final 'GL_TRIANGLES' 'I' @172  4
 - public static final 'GL_TRIANGLE_STRIP' 'I' @176  5
 - public static final 'GL_TRIANGLE_FAN' 'I' @180  6
 - public static final 'GL_QUADS' 'I' @184  7
 - public static final 'GL_ZERO' 'I' @188  0
 - public static final 'GL_ONE' 'I' @192  1
 - public static final 'GL_SRC_COLOR' 'I' @196  768 (300)
 - public static final 'GL_ONE_MINUS_SRC_COLOR' 'I' @200  769 (301)
 - public static final 'GL_SRC_ALPHA' 'I' @204  770 (302)
 - public static final 'GL_ONE_MINUS_SRC_ALPHA' 'I' @208  771 (303)
 - public static final 'GL_DST_ALPHA' 'I' @212  772 (304)
 - public static final 'GL_ONE_MINUS_DST_ALPHA' 'I' @216  773 (305)
 - public static final 'GL_DST_COLOR' 'I' @220  774 (306)
 - public static final 'GL_ONE_MINUS_DST_COLOR' 'I' @224  775 (307)
 - public static final 'GL_SRC_ALPHA_SATURATE' 'I' @228  776 (308)
 - public static final 'GL_TRUE' 'I' @232  1
 - public static final 'GL_FALSE' 'I' @236  0
 - public static final 'GL_BYTE' 'I' @240  5120 (1400)
 - public static final 'GL_UNSIGNED_BYTE' 'I' @244  5121 (1401)
 - public static final 'GL_SHORT' 'I' @248  5122 (1402)
 - public static final 'GL_UNSIGNED_SHORT' 'I' @252  5123 (1403)
 - public static final 'GL_INT' 'I' @256  5124 (1404)
 - public static final 'GL_UNSIGNED_INT' 'I' @260  5125 (1405)
 - public static final 'GL_FLOAT' 'I' @264  5126 (1406)
 - public static final 'GL_DOUBLE' 'I' @268  5130 (140a)
 - public static final 'GL_NONE' 'I' @272  0
 - public static final 'GL_FRONT_LEFT' 'I' @276  1024 (400)
 - public static final 'GL_FRONT_RIGHT' 'I' @280  1025 (401)
 - public static final 'GL_BACK_LEFT' 'I' @284  1026 (402)
 - public static final 'GL_BACK_RIGHT' 'I' @288  1027 (403)
 - public static final 'GL_FRONT' 'I' @292  1028 (404)
 - public static final 'GL_BACK' 'I' @296  1029 (405)
 - public static final 'GL_LEFT' 'I' @300  1030 (406)
 - public static final 'GL_RIGHT' 'I' @304  1031 (407)
 - public static final 'GL_FRONT_AND_BACK' 'I' @308  1032 (408)
 - public static final 'GL_NO_ERROR' 'I' @312  0
 - public static final 'GL_INVALID_ENUM' 'I' @316  1280 (500)
 - public static final 'GL_INVALID_VALUE' 'I' @320  1281 (501)
 - public static final 'GL_INVALID_OPERATION' 'I' @324  1282 (502)
 - public static final 'GL_STACK_OVERFLOW' 'I' @328  1283 (503)
 - public static final 'GL_STACK_UNDERFLOW' 'I' @332  1284 (504)
 - public static final 'GL_OUT_OF_MEMORY' 'I' @336  1285 (505)
 - public static final 'GL_CW' 'I' @340  2304 (900)
 - public static final 'GL_CCW' 'I' @344  2305 (901)
 - public static final 'GL_POINT_SIZE' 'I' @348  2833 (b11)
 - public static final 'GL_POINT_SIZE_RANGE' 'I' @352  2834 (b12)
 - public static final 'GL_POINT_SIZE_GRANULARITY' 'I' @356  2835 (b13)
 - public static final 'GL_LINE_SMOOTH' 'I' @360  2848 (b20)
 - public static final 'GL_LINE_WIDTH' 'I' @364  2849 (b21)
 - public static final 'GL_LINE_WIDTH_RANGE' 'I' @368  2850 (b22)
 - public static final 'GL_LINE_WIDTH_GRANULARITY' 'I' @372  2851 (b23)
 - public static final 'GL_POLYGON_MODE' 'I' @376  2880 (b40)
 - public static final 'GL_POLYGON_SMOOTH' 'I' @380  2881 (b41)
 - public static final 'GL_CULL_FACE' 'I' @384  2884 (b44)
 - public static final 'GL_CULL_FACE_MODE' 'I' @388  2885 (b45)
 - public static final 'GL_FRONT_FACE' 'I' @392  2886 (b46)
 - public static final 'GL_DEPTH_RANGE' 'I' @396  2928 (b70)
 - public static final 'GL_DEPTH_TEST' 'I' @400  2929 (b71)
 - public static final 'GL_DEPTH_WRITEMASK' 'I' @404  2930 (b72)
 - public static final 'GL_DEPTH_CLEAR_VALUE' 'I' @408  2931 (b73)
 - public static final 'GL_DEPTH_FUNC' 'I' @412  2932 (b74)
 - public static final 'GL_STENCIL_TEST' 'I' @416  2960 (b90)
 - public static final 'GL_STENCIL_CLEAR_VALUE' 'I' @420  2961 (b91)
 - public static final 'GL_STENCIL_FUNC' 'I' @424  2962 (b92)
 - public static final 'GL_STENCIL_VALUE_MASK' 'I' @428  2963 (b93)
 - public static final 'GL_STENCIL_FAIL' 'I' @432  2964 (b94)
 - public static final 'GL_STENCIL_PASS_DEPTH_FAIL' 'I' @436  2965 (b95)
 - public static final 'GL_STENCIL_PASS_DEPTH_PASS' 'I' @440  2966 (b96)
 - public static final 'GL_STENCIL_REF' 'I' @444  2967 (b97)
 - public static final 'GL_STENCIL_WRITEMASK' 'I' @448  2968 (b98)
 - public static final 'GL_VIEWPORT' 'I' @452  2978 (ba2)
 - public static final 'GL_DITHER' 'I' @456  3024 (bd0)
 - public static final 'GL_BLEND_DST' 'I' @460  3040 (be0)
 - public static final 'GL_BLEND_SRC' 'I' @464  3041 (be1)
 - public static final 'GL_BLEND' 'I' @468  3042 (be2)
 - public static final 'GL_LOGIC_OP_MODE' 'I' @472  3056 (bf0)
 - public static final 'GL_COLOR_LOGIC_OP' 'I' @476  3058 (bf2)
 - public static final 'GL_DRAW_BUFFER' 'I' @480  3073 (c01)
 - public static final 'GL_READ_BUFFER' 'I' @484  3074 (c02)
 - public static final 'GL_SCISSOR_BOX' 'I' @488  3088 (c10)
 - public static final 'GL_SCISSOR_TEST' 'I' @492  3089 (c11)
 - public static final 'GL_COLOR_CLEAR_VALUE' 'I' @496  3106 (c22)
 - public static final 'GL_COLOR_WRITEMASK' 'I' @500  3107 (c23)
 - public static final 'GL_DOUBLEBUFFER' 'I' @504  3122 (c32)
 - public static final 'GL_STEREO' 'I' @508  3123 (c33)
 - public static final 'GL_LINE_SMOOTH_HINT' 'I' @512  3154 (c52)
 - public static final 'GL_POLYGON_SMOOTH_HINT' 'I' @516  3155 (c53)
 - public static final 'GL_UNPACK_SWAP_BYTES' 'I' @520  3312 (cf0)
 - public static final 'GL_UNPACK_LSB_FIRST' 'I' @524  3313 (cf1)
 - public static final 'GL_UNPACK_ROW_LENGTH' 'I' @528  3314 (cf2)
 - public static final 'GL_UNPACK_SKIP_ROWS' 'I' @532  3315 (cf3)
 - public static final 'GL_UNPACK_SKIP_PIXELS' 'I' @536  3316 (cf4)
 - public static final 'GL_UNPACK_ALIGNMENT' 'I' @540  3317 (cf5)
 - public static final 'GL_PACK_SWAP_BYTES' 'I' @544  3328 (d00)
 - public static final 'GL_PACK_LSB_FIRST' 'I' @548  3329 (d01)
 - public static final 'GL_PACK_ROW_LENGTH' 'I' @552  3330 (d02)
 - public static final 'GL_PACK_SKIP_ROWS' 'I' @556  3331 (d03)
 - public static final 'GL_PACK_SKIP_PIXELS' 'I' @560  3332 (d04)
 - public static final 'GL_PACK_ALIGNMENT' 'I' @564  3333 (d05)
 - public static final 'GL_MAX_TEXTURE_SIZE' 'I' @568  3379 (d33)
 - public static final 'GL_MAX_VIEWPORT_DIMS' 'I' @572  3386 (d3a)
 - public static final 'GL_SUBPIXEL_BITS' 'I' @576  3408 (d50)
 - public static final 'GL_TEXTURE_1D' 'I' @580  3552 (de0)
 - public static final 'GL_TEXTURE_2D' 'I' @584  3553 (de1)
 - public static final 'GL_TEXTURE_WIDTH' 'I' @588  4096 (1000)
 - public static final 'GL_TEXTURE_HEIGHT' 'I' @592  4097 (1001)
 - public static final 'GL_TEXTURE_INTERNAL_FORMAT' 'I' @596  4099 (1003)
 - public static final 'GL_TEXTURE_BORDER_COLOR' 'I' @600  4100 (1004)
 - public static final 'GL_DONT_CARE' 'I' @604  4352 (1100)
 - public static final 'GL_FASTEST' 'I' @608  4353 (1101)
 - public static final 'GL_NICEST' 'I' @612  4354 (1102)
 - public static final 'GL_CLEAR' 'I' @616  5376 (1500)
 - public static final 'GL_AND' 'I' @620  5377 (1501)
 - public static final 'GL_AND_REVERSE' 'I' @624  5378 (1502)
 - public static final 'GL_COPY' 'I' @628  5379 (1503)
 - public static final 'GL_AND_INVERTED' 'I' @632  5380 (1504)
 - public static final 'GL_NOOP' 'I' @636  5381 (1505)
 - public static final 'GL_XOR' 'I' @640  5382 (1506)
 - public static final 'GL_OR' 'I' @644  5383 (1507)
 - public static final 'GL_NOR' 'I' @648  5384 (1508)
 - public static final 'GL_EQUIV' 'I' @652  5385 (1509)
 - public static final 'GL_INVERT' 'I' @656  5386 (150a)
 - public static final 'GL_OR_REVERSE' 'I' @660  5387 (150b)
 - public static final 'GL_COPY_INVERTED' 'I' @664  5388 (150c)
 - public static final 'GL_OR_INVERTED' 'I' @668  5389 (150d)
 - public static final 'GL_NAND' 'I' @672  5390 (150e)
 - public static final 'GL_SET' 'I' @676  5391 (150f)
 - public static final 'GL_TEXTURE' 'I' @680  5890 (1702)
 - public static final 'GL_COLOR' 'I' @684  6144 (1800)
 - public static final 'GL_DEPTH' 'I' @688  6145 (1801)
 - public static final 'GL_STENCIL' 'I' @692  6146 (1802)
 - public static final 'GL_STENCIL_INDEX' 'I' @696  6401 (1901)
 - public static final 'GL_DEPTH_COMPONENT' 'I' @700  6402 (1902)
 - public static final 'GL_RED' 'I' @704  6403 (1903)
 - public static final 'GL_GREEN' 'I' @708  6404 (1904)
 - public static final 'GL_BLUE' 'I' @712  6405 (1905)
 - public static final 'GL_ALPHA' 'I' @716  6406 (1906)
 - public static final 'GL_RGB' 'I' @720  6407 (1907)
 - public static final 'GL_RGBA' 'I' @724  6408 (1908)
 - public static final 'GL_POINT' 'I' @728  6912 (1b00)
 - public static final 'GL_LINE' 'I' @732  6913 (1b01)
 - public static final 'GL_FILL' 'I' @736  6914 (1b02)
 - public static final 'GL_KEEP' 'I' @740  7680 (1e00)
 - public static final 'GL_REPLACE' 'I' @744  7681 (1e01)
 - public static final 'GL_INCR' 'I' @748  7682 (1e02)
 - public static final 'GL_DECR' 'I' @752  7683 (1e03)
 - public static final 'GL_VENDOR' 'I' @756  7936 (1f00)
 - public static final 'GL_RENDERER' 'I' @760  7937 (1f01)
 - public static final 'GL_VERSION' 'I' @764  7938 (1f02)
 - public static final 'GL_EXTENSIONS' 'I' @768  7939 (1f03)
 - public static final 'GL_NEAREST' 'I' @772  9728 (2600)
 - public static final 'GL_LINEAR' 'I' @776  9729 (2601)
 - public static final 'GL_NEAREST_MIPMAP_NEAREST' 'I' @780  9984 (2700)
 - public static final 'GL_LINEAR_MIPMAP_NEAREST' 'I' @784  9985 (2701)
 - public static final 'GL_NEAREST_MIPMAP_LINEAR' 'I' @788  9986 (2702)
 - public static final 'GL_LINEAR_MIPMAP_LINEAR' 'I' @792  9987 (2703)
 - public static final 'GL_TEXTURE_MAG_FILTER' 'I' @796  10240 (2800)
 - public static final 'GL_TEXTURE_MIN_FILTER' 'I' @800  10241 (2801)
 - public static final 'GL_TEXTURE_WRAP_S' 'I' @804  10242 (2802)
 - public static final 'GL_TEXTURE_WRAP_T' 'I' @808  10243 (2803)
 - public static final 'GL_REPEAT' 'I' @812  10497 (2901)
 - public static final 'GL_POLYGON_OFFSET_FACTOR' 'I' @816  32824 (8038)
 - public static final 'GL_POLYGON_OFFSET_UNITS' 'I' @820  10752 (2a00)
 - public static final 'GL_POLYGON_OFFSET_POINT' 'I' @824  10753 (2a01)
 - public static final 'GL_POLYGON_OFFSET_LINE' 'I' @828  10754 (2a02)
 - public static final 'GL_POLYGON_OFFSET_FILL' 'I' @832  32823 (8037)
 - public static final 'GL_R3_G3_B2' 'I' @836  10768 (2a10)
 - public static final 'GL_RGB4' 'I' @840  32847 (804f)
 - public static final 'GL_RGB5' 'I' @844  32848 (8050)
 - public static final 'GL_RGB8' 'I' @848  32849 (8051)
 - public static final 'GL_RGB10' 'I' @852  32850 (8052)
 - public static final 'GL_RGB12' 'I' @856  32851 (8053)
 - public static final 'GL_RGB16' 'I' @860  32852 (8054)
 - public static final 'GL_RGBA2' 'I' @864  32853 (8055)
 - public static final 'GL_RGBA4' 'I' @868  32854 (8056)
 - public static final 'GL_RGB5_A1' 'I' @872  32855 (8057)
 - public static final 'GL_RGBA8' 'I' @876  32856 (8058)
 - public static final 'GL_RGB10_A2' 'I' @880  32857 (8059)
 - public static final 'GL_RGBA12' 'I' @884  32858 (805a)
 - public static final 'GL_RGBA16' 'I' @888  32859 (805b)
 - public static final 'GL_TEXTURE_RED_SIZE' 'I' @892  32860 (805c)
 - public static final 'GL_TEXTURE_GREEN_SIZE' 'I' @896  32861 (805d)
 - public static final 'GL_TEXTURE_BLUE_SIZE' 'I' @900  32862 (805e)
 - public static final 'GL_TEXTURE_ALPHA_SIZE' 'I' @904  32863 (805f)
 - public static final 'GL_PROXY_TEXTURE_1D' 'I' @908  32867 (8063)
 - public static final 'GL_PROXY_TEXTURE_2D' 'I' @912  32868 (8064)
 - public static final 'GL_TEXTURE_BINDING_1D' 'I' @916  32872 (8068)
 - public static final 'GL_TEXTURE_BINDING_2D' 'I' @920  32873 (8069)
 - public static final 'GL_VERTEX_ARRAY' 'I' @924  32884 (8074)
R12=0x0 is NULL
R13={method} {0x000002b377d17258} 'nglGenTextures' '(IJ)V' in 'org/lwjgl/opengl/GL11C'
R14=0x000000bb1c8fce98 is pointing into the stack for thread: 0x000002b35fef5270
R15=0x000002b35fef5270 is a thread


Top of Stack: (sp=0x000000bb1c8fcdd8)
0x000000bb1c8fcdd8:   000002b3677bd0a8 000002b3677b93d6
0x000000bb1c8fcde8:   000002b3677bcdc3 000002b377d17250
0x000000bb1c8fcdf8:   000000000000000b 000000bb1c8fce18
0x000000bb1c8fce08:   000000bb1c8fce80 000002b3677b94a5
0x000000bb1c8fce18:   000002b3677bcd7d 000000bb1c8fce20
0x000000bb1c8fce28:   000002b377d17250 000000bb1c8fce98
0x000000bb1c8fce38:   000002b377d1d5d0 0000000000000000
0x000000bb1c8fce48:   0000000711021560 000002b377d17250
0x000000bb1c8fce58:   0000000000000000 000000bb1c8fce88
0x000000bb1c8fce68:   000000bb1c8fcee8 000002b3677b93d6
0x000000bb1c8fce78:   0000000711021560 000002b3677bac18
0x000000bb1c8fce88:   000002b37b7510dc 0000000000000000
0x000000bb1c8fce98:   0000000000000001 000000bb1c8fcea0
0x000000bb1c8fcea8:   000002b377d173c4 000000bb1c8fcf18
0x000000bb1c8fceb8:   000002b377d1d5d0 0000000000000000
0x000000bb1c8fcec8:   0000000711021560 000002b377d17430 

Instructions: (pc=0x00007ffe7007c75d)
0x00007ffe7007c65d:   cc cc cc 48 8b 01 41 0f b6 c8 48 8b 50 18 48 ff
0x00007ffe7007c66d:   a2 d0 01 00 00 cc cc cc cc cc cc cc cc cc cc cc
0x00007ffe7007c67d:   cc cc cc 48 8b 01 0f 28 cb 0f 28 c2 48 8b 48 18
0x00007ffe7007c68d:   48 ff a1 d8 01 00 00 cc cc cc cc cc cc cc cc cc
0x00007ffe7007c69d:   cc cc cc 48 8b 01 45 8b d8 44 8b 44 24 28 41 8b
0x00007ffe7007c6ad:   d1 41 8b cb 4c 8b 50 18 49 ff a2 e8 01 00 00 cc
0x00007ffe7007c6bd:   cc cc cc 48 8b 01 41 8b c8 48 8b 50 18 48 ff a2
0x00007ffe7007c6cd:   f0 01 00 00 cc cc cc cc cc cc cc cc cc cc cc cc
0x00007ffe7007c6dd:   cc cc cc 40 53 48 8b 01 41 8b d8 44 8b 44 24 30
0x00007ffe7007c6ed:   41 8b d1 4c 8b 4c 24 38 8b cb 4c 8b 50 18 5b 49
0x00007ffe7007c6fd:   ff a2 f8 01 00 00 cc cc cc cc cc cc cc cc cc cc
0x00007ffe7007c70d:   cc cc cc 48 8b 01 48 8b 48 18 48 ff a1 98 02 00
0x00007ffe7007c71d:   00 cc cc 48 8b 01 48 8b 48 18 48 ff a1 a0 02 00
0x00007ffe7007c72d:   00 cc cc 48 8b 01 41 8b c8 48 8b 50 18 48 ff a2
0x00007ffe7007c73d:   c8 02 00 00 cc cc cc cc cc cc cc cc cc cc cc cc
0x00007ffe7007c74d:   cc cc cc 48 8b 01 49 8b d1 41 8b c8 4c 8b 50 18
0x00007ffe7007c75d:   49 ff a2 d8 02 00 00 cc cc cc cc cc cc cc cc cc
0x00007ffe7007c76d:   cc cc cc 48 8b 01 49 8b d1 41 8b c8 4c 8b 50 18
0x00007ffe7007c77d:   49 ff a2 e0 02 00 00 cc cc cc cc cc cc cc cc cc
0x00007ffe7007c78d:   cc cc cc 48 8b 01 49 8b d1 41 8b c8 4c 8b 50 18
0x00007ffe7007c79d:   49 ff a2 f0 02 00 00 cc cc cc cc cc cc cc cc cc
0x00007ffe7007c7ad:   cc cc cc 48 8b 01 49 8b d1 41 8b c8 4c 8b 50 18
0x00007ffe7007c7bd:   49 ff a2 f8 02 00 00 cc cc cc cc cc cc cc cc cc
0x00007ffe7007c7cd:   cc cc cc 48 8b 01 49 8b d1 41 8b c8 4c 8b 50 18
0x00007ffe7007c7dd:   49 ff a2 00 03 00 00 cc cc cc cc cc cc cc cc cc
0x00007ffe7007c7ed:   cc cc cc 48 8b 01 49 8b d1 41 8b c8 4c 8b 50 18
0x00007ffe7007c7fd:   49 ff a2 08 03 00 00 cc cc cc cc cc cc cc cc cc
0x00007ffe7007c80d:   cc cc cc 48 8b 01 48 8b 48 18 48 8b 81 10 03 00
0x00007ffe7007c81d:   00 48 ff e0 cc cc cc cc cc cc cc cc cc cc cc cc
0x00007ffe7007c82d:   cc cc cc 48 8b 01 49 8b d1 41 8b c8 4c 8b 50 18
0x00007ffe7007c83d:   49 ff a2 68 03 00 00 cc cc cc cc cc cc cc cc cc
0x00007ffe7007c84d:   cc cc cc 48 8b 01 48 8b 48 18 48 8b 81 78 03 00 


Stack slot to memory mapping:
stack at sp + 0 slots: 0x000002b3677bd0a8 is at code_begin+936 in an Interpreter codelet
method entry point (kind = native)  [0x000002b3677bcd00, 0x000002b3677bd660]  2400 bytes
stack at sp + 1 slots: 0x000002b3677b93d6 is at code_begin+822 in an Interpreter codelet
return entry points  [0x000002b3677b90a0, 0x000002b3677b98c0]  2080 bytes
stack at sp + 2 slots: 0x000002b3677bcdc3 is at code_begin+195 in an Interpreter codelet
method entry point (kind = native)  [0x000002b3677bcd00, 0x000002b3677bd660]  2400 bytes
stack at sp + 3 slots: {method} {0x000002b377d17258} 'nglGenTextures' '(IJ)V' in 'org/lwjgl/opengl/GL11C'
stack at sp + 4 slots: 0x000000000000000b is an unknown value
stack at sp + 5 slots: 0x000000bb1c8fce18 is pointing into the stack for thread: 0x000002b35fef5270
stack at sp + 6 slots: 0x000000bb1c8fce80 is pointing into the stack for thread: 0x000002b35fef5270
stack at sp + 7 slots: 0x000002b3677b94a5 is at code_begin+1029 in an Interpreter codelet
return entry points  [0x000002b3677b90a0, 0x000002b3677b98c0]  2080 bytes


Compiled method (n/a)     757 1582     n 0       jdk.internal.reflect.NativeConstructorAccessorImpl::newInstance0 (native)
 total in heap  [0x000002b367cb9190,0x000002b367cb9618] = 1160
 relocation     [0x000002b367cb92e8,0x000002b367cb9320] = 56
 main code      [0x000002b367cb9320,0x000002b367cb9618] = 760

[Constant Pool (empty)]

[MachCode]
[Entry Point]
  # {method} {0x000002b3003a26c0} 'newInstance0' '(Ljava/lang/reflect/Constructor;[Ljava/lang/Object;)Ljava/lang/Object;' in 'jdk/internal/reflect/NativeConstructorAccessorImpl'
  # parm0:    rdx:rdx   = 'java/lang/reflect/Constructor'
  # parm1:    r8:r8     = '[Ljava/lang/Object;'
  #           [sp+0x70]  (sp of caller)
  0x000002b367cb9320: 448b 5208 | 49bb 0000 | 0000 b302 | 0000 4d03 | d349 3bc2 | 0f84 0600 

  0x000002b367cb9338: ;   {runtime_call ic_miss_stub}
  0x000002b367cb9338: 0000 e941 | 37b4 ff90 
[Verified Entry Point]
  0x000002b367cb9340: 8984 2400 | 90ff ff55 | 488b ec48 | 83ec 604c | 8944 2428 | 4983 f800 | 4c8d 4c24 | 284c 0f44 
  0x000002b367cb9360: 4c24 2848 | 8954 2420 | 4883 fa00 | 4c8d 4424 | 204c 0f44 

  0x000002b367cb9374: ;   {oop(a 'java/lang/Class'{0x00000007025faed0} = 'jdk/internal/reflect/NativeConstructorAccessorImpl')}
  0x000002b367cb9374: 4424 2049 | bed0 ae5f | 0207 0000 | 004c 8974 | 2450 4c8d | 7424 5049 | 8bd6 c5f8 

  0x000002b367cb9390: ;   {internal_word}
  0x000002b367cb9390: 7749 ba8e | 93cb 67b3 | 0200 004d | 8997 9802 | 0000 4989 | a790 0200 

  0x000002b367cb93a8: ;   {external_word}
  0x000002b367cb93a8: 0049 bae3 | 802b 6afe | 7f00 0041 | 803a 000f | 8452 0000 | 0052 4150 

  0x000002b367cb93c0: ;   {metadata({method} {0x000002b3003a26c0} 'newInstance0' '(Ljava/lang/reflect/Constructor;[Ljava/lang/Object;)Ljava/lang/Object;' in 'jdk/internal/reflect/NativeConstructorAccessorImpl')}
  0x000002b367cb93c0: 4151 48ba | b826 3a00 | b302 0000 | 498b cf48 | 83ec 20f7 | c40f 0000 | 000f 841a | 0000 0048 
  0x000002b367cb93e0: ;   {runtime_call}
  0x000002b367cb93e0: 83ec 0849 | ba00 d6e8 | 69fe 7f00 | 0041 ffd2 | 4883 c408 | e90d 0000 

  0x000002b367cb93f8: ;   {runtime_call}
  0x000002b367cb93f8: 0049 ba00 | d6e8 69fe | 7f00 0041 | ffd2 4883 | c420 4159 | 4158 5a49 | 8d8f b002 | 0000 41c7 
  0x000002b367cb9418: 8740 0300 | 0004 0000 

  0x000002b367cb9420: ;   {runtime_call}
  0x000002b367cb9420: 0049 ba98 | 3e00 d7fe | 7f00 0041 | ffd2 c5f8 | 7741 c787 | 4003 0000 | 0500 0000 | f083 4424 
  0x000002b367cb9440: c000 493b | af48 0300 | 000f 8711 | 0000 0041 | 81bf 3003 | 0000 0000 | 0000 0f84 | 2c00 0000 
  0x000002b367cb9460: c5f8 7748 | 8945 f849 | 8bcf 4c8b | e448 83ec | 2048 83e4 

  0x000002b367cb9474: ;   {runtime_call}
  0x000002b367cb9474: f049 ba40 | 8df3 69fe | 7f00 0041 | ffd2 498b | e44d 33e4 | 488b 45f8 | 41c7 8740 | 0300 0008 
  0x000002b367cb9494: 0000 0041 | 81bf b003 | 0000 0200 | 0000 0f84 | 3f01 0000 

  0x000002b367cb94a8: ;   {external_word}
  0x000002b367cb94a8: 49ba e380 | 2b6a fe7f | 0000 4180 | 3a00 0f84 | 5000 0000 | 4889 45f8 

  0x000002b367cb94c0: ;   {metadata({method} {0x000002b3003a26c0} 'newInstance0' '(Ljava/lang/reflect/Constructor;[Ljava/lang/Object;)Ljava/lang/Object;' in 'jdk/internal/reflect/NativeConstructorAccessorImpl')}
  0x000002b367cb94c0: 48ba b826 | 3a00 b302 | 0000 498b | cf48 83ec | 20f7 c40f | 0000 000f | 841a 0000 | 0048 83ec 
  0x000002b367cb94e0: ;   {runtime_call}
  0x000002b367cb94e0: 0849 ba00 | d6e8 69fe | 7f00 0041 | ffd2 4883 | c408 e90d 

  0x000002b367cb94f4: ;   {runtime_call}
  0x000002b367cb94f4: 0000 0049 | ba00 d6e8 | 69fe 7f00 | 0041 ffd2 | 4883 c420 | 488b 45f8 | 49c7 8790 | 0200 0000 
  0x000002b367cb9514: 0000 0049 | c787 9802 | 0000 0000 | 0000 c5f8 | 7748 85c0 | 0f84 9300 | 0000 48f7 | c001 0000 
  0x000002b367cb9534: 000f 8483 | 0000 0048 | 8b40 ff41 | 807f 3800 | 0f84 6f00 | 0000 4883 | f800 0f84 | 6500 0000 
  0x000002b367cb9554: 498b 4f20 | 4883 f900 | 0f84 1400 | 0000 4883 | e908 4989 | 4f20 4903 | 4f30 4889 | 01e9 4300 
  0x000002b367cb9574: 0000 5049 | 8bd7 488b | c848 83ec | 20f7 c40f | 0000 000f | 841a 0000 | 0048 83ec 

  0x000002b367cb9590: ;   {runtime_call}
  0x000002b367cb9590: 0849 ba30 | 09a8 69fe | 7f00 0041 | ffd2 4883 | c408 e90d 

  0x000002b367cb95a4: ;   {runtime_call}
  0x000002b367cb95a4: 0000 0049 | ba30 09a8 | 69fe 7f00 | 0041 ffd2 | 4883 c420 | 58e9 0300 | 0000 488b | 0049 8b8f 
  0x000002b367cb95c4: d800 0000 | c781 0001 | 0000 0000 | 0000 c949 | 817f 0800 | 0000 000f | 8501 0000 

  0x000002b367cb95e0: ;   {runtime_call StubRoutines (1)}
  0x000002b367cb95e0: 00c3 e919 | 79af ffc5 | f877 4889 | 45f8 4c8b | e448 83ec | 2048 83e4 

  0x000002b367cb95f8: ;   {runtime_call}
  0x000002b367cb95f8: f049 baa0 | 06e9 69fe | 7f00 0041 | ffd2 498b | e44d 33e4 | 488b 45f8 | e993 feff | fff4 f4f4 
[/MachCode]


Compiled method (c1)     761 1581   !   1       jdk.internal.reflect.NativeConstructorAccessorImpl::newInstance (122 bytes)
 total in heap  [0x000002b367cba990,0x000002b367cbb398] = 2568
 relocation     [0x000002b367cbaae8,0x000002b367cbab88] = 160
 main code      [0x000002b367cbaba0,0x000002b367cbaf60] = 960
 stub code      [0x000002b367cbaf60,0x000002b367cbaff8] = 152
 metadata       [0x000002b367cbaff8,0x000002b367cbb018] = 32
 scopes data    [0x000002b367cbb018,0x000002b367cbb0c0] = 168
 scopes pcs     [0x000002b367cbb0c0,0x000002b367cbb200] = 320
 dependencies   [0x000002b367cbb200,0x000002b367cbb208] = 8
 handler table  [0x000002b367cbb208,0x000002b367cbb358] = 336
 nul chk table  [0x000002b367cbb358,0x000002b367cbb398] = 64

[Constant Pool (empty)]

[MachCode]
[Entry Point]
  # {method} {0x000002b3003a21d8} 'newInstance' '([Ljava/lang/Object;)Ljava/lang/Object;' in 'jdk/internal/reflect/NativeConstructorAccessorImpl'
  # this:     rdx:rdx   = 'jdk/internal/reflect/NativeConstructorAccessorImpl'
  # parm0:    r8:r8     = '[Ljava/lang/Object;'
  #           [sp+0x90]  (sp of caller)
  0x000002b367cbaba0: 448b 5208 | 49bb 0000 | 0000 b302 | 0000 4d03 | d34c 3bd0 

  0x000002b367cbabb4: ;   {runtime_call ic_miss_stub}
  0x000002b367cbabb4: 0f85 c61e | b4ff 660f | 1f44 0000 
[Verified Entry Point]
  0x000002b367cbabc0: 8984 2400 | 90ff ff55 | 4881 ec80 | 0000 0048 | 8954 2450 | 8b72 0cff | c689 720c 

  0x000002b367cbabdc: ;   {oop(a 'java/lang/Class'{0x00000007025f8d10} = 'jdk/internal/reflect/ReflectionFactory')}
  0x000002b367cbabdc: 48bf 108d | 5f02 0700 | 0000 8b7f | 783b f70f | 8f08 0000 | 0048 8bf2 | e928 0200 | 004c 8944 
  0x000002b367cbabfc: 2458 8b72 | 1448 c1e6 | 038b 7624 | 48c1 e603 

  0x000002b367cbac0c: ; implicit exception: dispatches to 0x000002b367cbae82
  0x000002b367cbac0c: 483b 0648 | 8bd6 0f1f 

  0x000002b367cbac14: ;   {optimized virtual_call}
  0x000002b367cbac14: 4400 00e8 

  0x000002b367cbac18: ; ImmutableOopMap {[88]=Oop [80]=Oop }
                      ;*invokevirtual isHidden {reexecute=0 rethrow=0 return_oop=0}
                      ; - jdk.internal.reflect.NativeConstructorAccessorImpl::newInstance@24 (line 59)
  0x000002b367cbac18: 24c6 ebff | 83f8 000f | 840f 0000 | 004c 8b44 | 2458 488b | 7424 50e9 | ed01 0000 | 488b 5424 
  0x000002b367cbac38: 508b 4210 | 83f8 000f | 840d 0000 | 004c 8b44 | 2458 488b | f2e9 cf01 | 0000 488d | 7210 b800 
  0x000002b367cbac58: 0000 00bf | 0100 0000 | f00f b13e | b801 0000 | 000f 8405 | 0000 00b8 | 0000 0000 | 83f8 000f 
  0x000002b367cbac78: 850d 0000 | 004c 8b44 | 2458 488b | f2e9 9701 | 0000 660f | 1f44 0000 

  0x000002b367cbac90: ;   {metadata('jdk/internal/reflect/MethodAccessorGenerator')}
  0x000002b367cbac90: 48ba 98f8 | 0701 b302 | 0000 e901 | 0200 0048 | 8bd0 4889 

  0x000002b367cbaca4: ;   {optimized virtual_call}
  0x000002b367cbaca4: 4424 60e8 

  0x000002b367cbaca8: ; ImmutableOopMap {[88]=Oop [96]=Oop [80]=Oop }
                      ;*invokespecial <init> {reexecute=0 rethrow=0 return_oop=0}
                      ; - jdk.internal.reflect.NativeConstructorAccessorImpl::newInstance@56 (line 63)
  0x000002b367cbaca8: c902 0000 | 488b 5424 | 508b 7214 | 48c1 e603 

  0x000002b367cbacb8: ; implicit exception: dispatches to 0x000002b367cbaead
  0x000002b367cbacb8: 8b7e 2448 | c1e7 038b | 7628 48c1 | e603 488b | d648 897c | 2468 0f1f | 8000 0000 | 0048 b878 
  0x000002b367cbacd8: 1c00 00b3 

  0x000002b367cbacdc: ;   {virtual_call}
  0x000002b367cbacdc: 0200 00e8 

  0x000002b367cbace0: ; ImmutableOopMap {[88]=Oop [96]=Oop [104]=Oop [80]=Oop }
                      ;*invokevirtual clone {reexecute=0 rethrow=0 return_oop=0}
                      ; - java.lang.reflect.Constructor::getParameterTypes@4 (line 263)
                      ; - jdk.internal.reflect.NativeConstructorAccessorImpl::newInstance@70 (line 66)
  0x000002b367cbace0: 3c86 e2ff | 4883 f800 | 0f84 2900 

  0x000002b367cbacec: ;   {metadata('java/lang/Class'[])}
  0x000002b367cbacec: 0000 48bb | 781c 0000 | b302 0000 | 8b78 0849 | ba00 0000 | 00b3 0200 | 0049 03fa | 483b 5f40 
  0x000002b367cbad0c: 0f85 a001 | 0000 e900 | 0000 0048 | 8bf0 488b | 5424 508b | 7a14 48c1 | e703 8b7f | 2c48 c1e7 
  0x000002b367cbad2c: 0348 8bd7 | 4889 7424 | 7048 b878 | 1c00 00b3 

  0x000002b367cbad3c: ;   {virtual_call}
  0x000002b367cbad3c: 0200 00e8 

  0x000002b367cbad40: ; ImmutableOopMap {[88]=Oop [96]=Oop [104]=Oop [80]=Oop [112]=Oop }
                      ;*invokevirtual clone {reexecute=0 rethrow=0 return_oop=0}
                      ; - java.lang.reflect.Constructor::getExceptionTypes@4 (line 289)
                      ; - jdk.internal.reflect.NativeConstructorAccessorImpl::newInstance@77 (line 67)
  0x000002b367cbad40: dc85 e2ff | 4883 f800 | 0f84 2a00 

  0x000002b367cbad4c: ;   {metadata('java/lang/Class'[])}
  0x000002b367cbad4c: 0000 48be | 781c 0000 | b302 0000 | 448b 4808 | 49ba 0000 | 0000 b302 | 0000 4d03 | ca49 3b71 
  0x000002b367cbad6c: 400f 854d | 0100 00e9 | 0000 0000 | 488b f848 | 8b54 2450 | 448b 4214 | 49c1 e003 

  0x000002b367cbad88: ; implicit exception: dispatches to 0x000002b367cbaec9
  0x000002b367cbad88: 418b 7020 | 4c8b 4424 | 684c 8b4c | 2470 488b | 5424 6066 | 9048 b870 | f04b 7bb3 

  0x000002b367cbada4: ;   {virtual_call}
  0x000002b367cbada4: 0200 00e8 

  0x000002b367cbada8: ; ImmutableOopMap {[88]=Oop [80]=Oop }
                      ;*invokevirtual generateConstructor {reexecute=0 rethrow=0 return_oop=0}
                      ; - jdk.internal.reflect.NativeConstructorAccessorImpl::newInstance@87 (line 65)
  0x000002b367cbada8: 8761 b2ff | 4883 f800 | 0f84 2900 

  0x000002b367cbadb4: ;   {metadata('jdk/internal/reflect/ConstructorAccessorImpl')}
  0x000002b367cbadb4: 0000 48bf | 68a8 0000 | b302 0000 | 8b70 0849 | ba00 0000 | 00b3 0200 | 0049 03f2 | 483b 7e40 
  0x000002b367cbadd4: 0f85 f400 | 0000 e900 | 0000 0048 | 8bd0 488b | 7424 5044 | 8b46 1849 | c1e0 0341 | 0fbe 7f38 
  0x000002b367cbadf4: 83ff 000f | 85da 0000 | 004c 8bd2 | 49c1 ea03 

  0x000002b367cbae04: ; implicit exception: dispatches to 0x000002b367cbaef7
  0x000002b367cbae04: 4589 500c | 498b f848 | 33fa 48c1 | ef15 4883 | ff00 0f85 | e000 0000 | 4c8b 4424 | 588b 5614 
  0x000002b367cbae24: 48c1 e203 | 0f1f 8000 

  0x000002b367cbae2c: ;   {static_call}
  0x000002b367cbae2c: 0000 00e8 

  0x000002b367cbae30: ; ImmutableOopMap {}
                      ;*invokestatic newInstance0 {reexecute=0 rethrow=0 return_oop=0}
                      ; - jdk.internal.reflect.NativeConstructorAccessorImpl::newInstance@118 (line 77)
  0x000002b367cbae30: 0ce5 ffff | 4881 c480 | 0000 005d 

  0x000002b367cbae3c: ;   {poll_return}
  0x000002b367cbae3c: 493b a748 | 0300 000f | 87cb 0000 | 00c3 488b | 7424 5049 | 8b87 d803 | 0000 4d33 | d24d 8997 
  0x000002b367cbae5c: d803 0000 | 4d33 d24d | 8997 e003 | 0000 bf00 | 0000 0089 | 7e10 f083 | 4424 c000 | e9d1 0000 
  0x000002b367cbae7c: ;   {runtime_call throw_null_pointer_exception Runtime1 stub}
  0x000002b367cbae7c: 00e8 9e90 

  0x000002b367cbae80: ; ImmutableOopMap {rdx=Oop [80]=Oop [88]=Oop }
                      ;*invokevirtual getDeclaringClass {reexecute=0 rethrow=0 return_oop=0}
                      ; - jdk.internal.reflect.NativeConstructorAccessorImpl::newInstance@21 (line 59)
                      ;   {runtime_call throw_null_pointer_exception Runtime1 stub}
  0x000002b367cbae80: beff e899 

  0x000002b367cbae84: ; ImmutableOopMap {rdx=Oop [80]=Oop [88]=Oop rsi=Oop }
                      ;*invokevirtual isHidden {reexecute=0 rethrow=0 return_oop=0}
                      ; - jdk.internal.reflect.NativeConstructorAccessorImpl::newInstance@24 (line 59)
                      ;   {metadata('jdk/internal/reflect/MethodAccessorGenerator')}
  0x000002b367cbae84: 90be ff48 | ba98 f807 | 01b3 0200 | 00b8 000f 

  0x000002b367cbae94: ;   {runtime_call load_klass_patching Runtime1 stub}
  0x000002b367cbae94: 050a e8e5 

  0x000002b367cbae98: ; ImmutableOopMap {[88]=Oop [80]=Oop }
                      ;*new {reexecute=1 rethrow=0 return_oop=0}
                      ; - (reexecute) jdk.internal.reflect.NativeConstructorAccessorImpl::newInstance@52 (line 63)
  0x000002b367cbae98: d9be ffe9 | f0fd ffff 

  0x000002b367cbaea0: ;   {runtime_call new_instance Runtime1 stub}
  0x000002b367cbaea0: 488b d2e8 

  0x000002b367cbaea4: ; ImmutableOopMap {[88]=Oop [80]=Oop }
                      ;*new {reexecute=0 rethrow=0 return_oop=0}
                      ; - jdk.internal.reflect.NativeConstructorAccessorImpl::newInstance@52 (line 63)
  0x000002b367cbaea4: 589f beff | e9f2 fdff 

  0x000002b367cbaeac: ;   {runtime_call throw_null_pointer_exception Runtime1 stub}
  0x000002b367cbaeac: ffe8 6e90 

  0x000002b367cbaeb0: ; ImmutableOopMap {[88]=Oop [96]=Oop rdx=Oop [80]=Oop rsi=Oop }
                      ;*invokevirtual getDeclaringClass {reexecute=0 rethrow=0 return_oop=0}
                      ; - jdk.internal.reflect.NativeConstructorAccessorImpl::newInstance@63 (line 65)
  0x000002b367cbaeb0: beff 4889 

  0x000002b367cbaeb4: ;   {runtime_call throw_class_cast_exception Runtime1 stub}
  0x000002b367cbaeb4: 0424 e865 

  0x000002b367cbaeb8: ; ImmutableOopMap {[88]=Oop [96]=Oop [104]=Oop [80]=Oop }
                      ;*checkcast {reexecute=0 rethrow=0 return_oop=0}
                      ; - java.lang.reflect.Constructor::getParameterTypes@7 (line 263)
                      ; - jdk.internal.reflect.NativeConstructorAccessorImpl::newInstance@70 (line 66)
                      ;   {runtime_call throw_null_pointer_exception Runtime1 stub}
  0x000002b367cbaeb8: bdbe ffe8 

  0x000002b367cbaebc: ; ImmutableOopMap {[88]=Oop [96]=Oop [104]=Oop rsi=Oop rdx=Oop [80]=Oop }
                      ;*invokevirtual getExceptionTypes {reexecute=0 rethrow=0 return_oop=0}
                      ; - jdk.internal.reflect.NativeConstructorAccessorImpl::newInstance@77 (line 67)
  0x000002b367cbaebc: 6090 beff | 4889 0424 

  0x000002b367cbaec4: ;   {runtime_call throw_class_cast_exception Runtime1 stub}
  0x000002b367cbaec4: e857 bdbe 

  0x000002b367cbaec8: ; ImmutableOopMap {[88]=Oop [96]=Oop [104]=Oop [80]=Oop [112]=Oop }
                      ;*checkcast {reexecute=0 rethrow=0 return_oop=0}
                      ; - java.lang.reflect.Constructor::getExceptionTypes@7 (line 289)
                      ; - jdk.internal.reflect.NativeConstructorAccessorImpl::newInstance@77 (line 67)
                      ;   {runtime_call throw_null_pointer_exception Runtime1 stub}
  0x000002b367cbaec8: ffe8 5290 

  0x000002b367cbaecc: ; ImmutableOopMap {[88]=Oop [96]=Oop [104]=Oop [112]=Oop rdi=Oop rdx=Oop [80]=Oop }
                      ;*invokevirtual getModifiers {reexecute=0 rethrow=0 return_oop=0}
                      ; - jdk.internal.reflect.NativeConstructorAccessorImpl::newInstance@84 (line 68)
  0x000002b367cbaecc: beff 4889 

  0x000002b367cbaed0: ;   {runtime_call throw_class_cast_exception Runtime1 stub}
  0x000002b367cbaed0: 0424 e849 

  0x000002b367cbaed4: ; ImmutableOopMap {[88]=Oop [80]=Oop }
                      ;*checkcast {reexecute=0 rethrow=0 return_oop=0}
                      ; - jdk.internal.reflect.NativeConstructorAccessorImpl::newInstance@90 (line 65)
  0x000002b367cbaed4: bdbe ff41 | 8b78 0c48 | c1e7 0348 | 83ff 000f | 8414 ffff | ff48 893c 

  0x000002b367cbaeec: ;   {runtime_call g1_pre_barrier_slow}
  0x000002b367cbaeec: 24e8 0ef0 | beff e906 

  0x000002b367cbaef4: ;   {runtime_call throw_null_pointer_exception Runtime1 stub}
  0x000002b367cbaef4: ffff ffe8 

  0x000002b367cbaef8: ; ImmutableOopMap {[88]=Oop rdx=Oop rsi=Oop [80]=Oop r8=Oop }
                      ;*invokevirtual setDelegate {reexecute=0 rethrow=0 return_oop=0}
                      ; - jdk.internal.reflect.NativeConstructorAccessorImpl::newInstance@99 (line 69)
  0x000002b367cbaef8: 2490 beff | 4883 fa00 | 0f84 16ff | ffff 4c89 

  0x000002b367cbaf08: ;   {runtime_call g1_post_barrier_slow}
  0x000002b367cbaf08: 0424 e8f1 | f2be ffe9 | 08ff ffff 

  0x000002b367cbaf14: ;   {internal_word}
  0x000002b367cbaf14: 49ba 3cae | cb67 b302 | 0000 4d89 | 9760 0300 

  0x000002b367cbaf24: ;   {runtime_call SafepointBlob}
  0x000002b367cbaf24: 00e9 d684 

  0x000002b367cbaf28: ;   {runtime_call throw_null_pointer_exception Runtime1 stub}
  0x000002b367cbaf28: b4ff e8f1 

  0x000002b367cbaf2c: ; ImmutableOopMap {[88]=Oop rdx=Oop rsi=Oop [80]=Oop r8=Oop }
                      ;*invokevirtual setDelegate {reexecute=0 rethrow=0 return_oop=0}
                      ; - jdk.internal.reflect.NativeConstructorAccessorImpl::newInstance@99 (line 69)
  0x000002b367cbaf2c: 8fbe ff90 | 9049 8b87 | d803 0000 | 49c7 87d8 | 0300 0000 | 0000 0049 | c787 e003 | 0000 0000 
  0x000002b367cbaf4c: 0000 4881 | c480 0000 

  0x000002b367cbaf54: ;   {runtime_call unwind_exception Runtime1 stub}
  0x000002b367cbaf54: 005d e9a5 | 7dbe fff4 | f4f4 f4f4 
[Stub Code]
  0x000002b367cbaf60: ;   {no_reloc}
  0x000002b367cbaf60: 0f1f 4400 

  0x000002b367cbaf64: ;   {static_stub}
  0x000002b367cbaf64: 0048 bb00 | 0000 0000 

  0x000002b367cbaf6c: ;   {runtime_call}
  0x000002b367cbaf6c: 0000 00e9 | fbff ffff 

  0x000002b367cbaf74: ;   {static_stub}
  0x000002b367cbaf74: 9048 bb70 | ae1a 77b3 

  0x000002b367cbaf7c: ;   {runtime_call I2C/C2I adapters}
  0x000002b367cbaf7c: 0200 00e9 | d567 b4ff 

  0x000002b367cbaf84: ;   {static_stub}
  0x000002b367cbaf84: 9048 bb00 | 0000 0000 

  0x000002b367cbaf8c: ;   {runtime_call}
  0x000002b367cbaf8c: 0000 00e9 | fbff ffff 

  0x000002b367cbaf94: ;   {static_stub}
  0x000002b367cbaf94: 9048 bb00 | 0000 0000 

  0x000002b367cbaf9c: ;   {runtime_call}
  0x000002b367cbaf9c: 0000 00e9 | fbff ffff 

  0x000002b367cbafa4: ;   {static_stub}
  0x000002b367cbafa4: 9048 bb00 | 0000 0000 

  0x000002b367cbafac: ;   {runtime_call}
  0x000002b367cbafac: 0000 00e9 | fbff ffff 

  0x000002b367cbafb4: ;   {static_stub}
  0x000002b367cbafb4: 9048 bb00 | 0000 0000 

  0x000002b367cbafbc: ;   {runtime_call}
  0x000002b367cbafbc: 0000 00e9 | fbff ffff 
[Exception Handler]
  0x000002b367cbafc4: ;   {runtime_call handle_exception_from_callee Runtime1 stub}
  0x000002b367cbafc4: e837 b6be 

  0x000002b367cbafc8: ;   {external_word}
  0x000002b367cbafc8: ff48 b9a0 | e007 6afe | 7f00 0048 

  0x000002b367cbafd4: ;   {runtime_call}
  0x000002b367cbafd4: 83e4 f049 | bae0 dad5 | 69fe 7f00 | 0041 ffd2 

  0x000002b367cbafe4: ;   {section_word}
  0x000002b367cbafe4: f449 bae5 | afcb 67b3 | 0200 0041 

  0x000002b367cbaff0: ;   {runtime_call DeoptimizationBlob}
  0x000002b367cbaff0: 52e9 aa76 | b4ff f4f4 
[/MachCode]


Compiled method (c1)     767 1580       1       jdk.internal.reflect.DelegatingConstructorAccessorImpl::newInstance (9 bytes)
 total in heap  [0x000002b367cb9690,0x000002b367cb9958] = 712
 relocation     [0x000002b367cb97e8,0x000002b367cb9820] = 56
 main code      [0x000002b367cb9820,0x000002b367cb98c0] = 160
 stub code      [0x000002b367cb98c0,0x000002b367cb9908] = 72
 metadata       [0x000002b367cb9908,0x000002b367cb9910] = 8
 scopes data    [0x000002b367cb9910,0x000002b367cb9920] = 16
 scopes pcs     [0x000002b367cb9920,0x000002b367cb9950] = 48
 dependencies   [0x000002b367cb9950,0x000002b367cb9958] = 8

[Constant Pool (empty)]

[MachCode]
[Entry Point]
  # {method} {0x000002b30043b290} 'newInstance' '([Ljava/lang/Object;)Ljava/lang/Object;' in 'jdk/internal/reflect/DelegatingConstructorAccessorImpl'
  # this:     rdx:rdx   = 'jdk/internal/reflect/DelegatingConstructorAccessorImpl'
  # parm0:    r8:r8     = '[Ljava/lang/Object;'
  #           [sp+0x40]  (sp of caller)
  0x000002b367cb9820: 448b 5208 | 49bb 0000 | 0000 b302 | 0000 4d03 | d34c 3bd0 

  0x000002b367cb9834: ;   {runtime_call ic_miss_stub}
  0x000002b367cb9834: 0f85 4632 | b4ff 660f | 1f44 0000 
[Verified Entry Point]
  0x000002b367cb9840: 8984 2400 | 90ff ff55 | 4883 ec30 | 8b52 0c48 | c1e2 0366 | 9048 b8ff | ffff ffff 

  0x000002b367cb985c: ;   {virtual_call}
  0x000002b367cb985c: ffff ffe8 

  0x000002b367cb9860: ; ImmutableOopMap {}
                      ;*invokevirtual newInstance {reexecute=0 rethrow=0 return_oop=0}
                      ; - jdk.internal.reflect.DelegatingConstructorAccessorImpl::newInstance@5 (line 45)
  0x000002b367cb9860: ec16 bfff | 4883 c430 

  0x000002b367cb9868: ;   {poll_return}
  0x000002b367cb9868: 5d49 3ba7 | 4803 0000 | 0f87 0100 

  0x000002b367cb9874: ;   {internal_word}
  0x000002b367cb9874: 0000 c349 | ba69 98cb | 67b3 0200 | 004d 8997 | 6003 0000 

  0x000002b367cb9888: ;   {runtime_call SafepointBlob}
  0x000002b367cb9888: e973 9bb4 | ff90 9049 | 8b87 d803 | 0000 49c7 | 87d8 0300 | 0000 0000 | 0049 c787 | e003 0000 
  0x000002b367cb98a8: 0000 0000 | 4883 c430 

  0x000002b367cb98b0: ;   {runtime_call unwind_exception Runtime1 stub}
  0x000002b367cb98b0: 5de9 4a94 | beff f4f4 | f4f4 f4f4 | f4f4 f4f4 
[Stub Code]
  0x000002b367cb98c0: ;   {no_reloc}
  0x000002b367cb98c0: 0f1f 4400 

  0x000002b367cb98c4: ;   {static_stub}
  0x000002b367cb98c4: 0048 bb00 | 0000 0000 

  0x000002b367cb98cc: ;   {runtime_call}
  0x000002b367cb98cc: 0000 00e9 | fbff ffff 
[Exception Handler]
  0x000002b367cb98d4: ;   {runtime_call handle_exception_from_callee Runtime1 stub}
  0x000002b367cb98d4: e827 cdbe 

  0x000002b367cb98d8: ;   {external_word}
  0x000002b367cb98d8: ff48 b9a0 | e007 6afe | 7f00 0048 

  0x000002b367cb98e4: ;   {runtime_call}
  0x000002b367cb98e4: 83e4 f049 | bae0 dad5 | 69fe 7f00 | 0041 ffd2 

  0x000002b367cb98f4: ;   {section_word}
  0x000002b367cb98f4: f449 baf5 | 98cb 67b3 | 0200 0041 

  0x000002b367cb9900: ;   {runtime_call DeoptimizationBlob}
  0x000002b367cb9900: 52e9 9a8d | b4ff f4f4 
[/MachCode]


---------------  P R O C E S S  ---------------

Threads class SMR info:
_java_thread_list=0x000002b37b73ddc0, length=15, elements={
0x000002b35fef5270, 0x000002b3769e8ba0, 0x000002b3769e9760, 0x000002b376b01360,
0x000002b376b01c30, 0x000002b376b03600, 0x000002b376b05fd0, 0x000002b376b06a40,
0x000002b376b07440, 0x000002b376c1a8b0, 0x000002b376c3cdf0, 0x000002b376c3db20,
0x000002b376c8b3d0, 0x000002b376c91d10, 0x000002b37b7bd040
}

Java Threads: ( => current thread )
=>0x000002b35fef5270 JavaThread "main" [_thread_in_native, id=13768, stack(0x000000bb1c800000,0x000000bb1c900000)]
  0x000002b3769e8ba0 JavaThread "Reference Handler" daemon [_thread_blocked, id=17436, stack(0x000000bb1cf00000,0x000000bb1d000000)]
  0x000002b3769e9760 JavaThread "Finalizer" daemon [_thread_blocked, id=19936, stack(0x000000bb1d000000,0x000000bb1d100000)]
  0x000002b376b01360 JavaThread "Signal Dispatcher" daemon [_thread_blocked, id=17720, stack(0x000000bb1d100000,0x000000bb1d200000)]
  0x000002b376b01c30 JavaThread "Attach Listener" daemon [_thread_blocked, id=14844, stack(0x000000bb1d200000,0x000000bb1d300000)]
  0x000002b376b03600 JavaThread "Service Thread" daemon [_thread_blocked, id=22296, stack(0x000000bb1d300000,0x000000bb1d400000)]
  0x000002b376b05fd0 JavaThread "Monitor Deflation Thread" daemon [_thread_blocked, id=23564, stack(0x000000bb1d400000,0x000000bb1d500000)]
  0x000002b376b06a40 JavaThread "C1 CompilerThread0" daemon [_thread_blocked, id=21028, stack(0x000000bb1d500000,0x000000bb1d600000)]
  0x000002b376b07440 JavaThread "Sweeper thread" daemon [_thread_blocked, id=8644, stack(0x000000bb1d600000,0x000000bb1d700000)]
  0x000002b376c1a8b0 JavaThread "C1 CompilerThread1" daemon [_thread_blocked, id=3192, stack(0x000000bb1d700000,0x000000bb1d800000)]
  0x000002b376c3cdf0 JavaThread "C1 CompilerThread2" daemon [_thread_blocked, id=17084, stack(0x000000bb1d800000,0x000000bb1d900000)]
  0x000002b376c3db20 JavaThread "C1 CompilerThread3" daemon [_thread_blocked, id=18112, stack(0x000000bb1d900000,0x000000bb1da00000)]
  0x000002b376c8b3d0 JavaThread "Notification Thread" daemon [_thread_blocked, id=19380, stack(0x000000bb1da00000,0x000000bb1db00000)]
  0x000002b376c91d10 JavaThread "Common-Cleaner" daemon [_thread_blocked, id=9312, stack(0x000000bb1dc00000,0x000000bb1dd00000)]
  0x000002b37b7bd040 JavaThread "Java2D Disposer" daemon [_thread_blocked, id=25808, stack(0x000000bb1e400000,0x000000bb1e500000)]

Other Threads:
  0x000002b3769e40e0 VMThread "VM Thread" [stack: 0x000000bb1ce00000,0x000000bb1cf00000] [id=21144]
  0x000002b376c8d8c0 WatcherThread [stack: 0x000000bb1db00000,0x000000bb1dc00000] [id=17448]
  0x000002b35ff60c70 GCTaskThread "GC Thread#0" [stack: 0x000000bb1c900000,0x000000bb1ca00000] [id=13680]
  0x000002b37b32b670 GCTaskThread "GC Thread#1" [stack: 0x000000bb1dd00000,0x000000bb1de00000] [id=20204]
  0x000002b37b32a8b0 GCTaskThread "GC Thread#2" [stack: 0x000000bb1de00000,0x000000bb1df00000] [id=9316]
  0x000002b37b32b0f0 GCTaskThread "GC Thread#3" [stack: 0x000000bb1df00000,0x000000bb1e000000] [id=9724]
  0x000002b37b32ab70 GCTaskThread "GC Thread#4" [stack: 0x000000bb1e000000,0x000000bb1e100000] [id=12704]
  0x000002b37b32b930 GCTaskThread "GC Thread#5" [stack: 0x000000bb1e100000,0x000000bb1e200000] [id=26800]
  0x000002b37b32a330 GCTaskThread "GC Thread#6" [stack: 0x000000bb1e200000,0x000000bb1e300000] [id=10572]
  0x000002b37b32b3b0 GCTaskThread "GC Thread#7" [stack: 0x000000bb1e300000,0x000000bb1e400000] [id=8144]
  0x000002b35ff72190 ConcurrentGCThread "G1 Main Marker" [stack: 0x000000bb1ca00000,0x000000bb1cb00000] [id=25384]
  0x000002b35ff73340 ConcurrentGCThread "G1 Conc#0" [stack: 0x000000bb1cb00000,0x000000bb1cc00000] [id=16576]
  0x000002b35ffce9a0 ConcurrentGCThread "G1 Refine#0" [stack: 0x000000bb1cc00000,0x000000bb1cd00000] [id=17736]
  0x000002b37689a5d0 ConcurrentGCThread "G1 Service" [stack: 0x000000bb1cd00000,0x000000bb1ce00000] [id=22304]

Threads with active compile tasks:

VM state: not at safepoint (normal execution)

VM Mutex/Monitor currently owned by a thread: None

Heap address: 0x0000000702400000, size: 4060 MB, Compressed Oops mode: Zero based, Oop shift amount: 3

CDS archive(s) mapped at: [0x000002b300000000-0x000002b300bd0000-0x000002b300bd0000), size 12386304, SharedBaseAddress: 0x000002b300000000, ArchiveRelocationMode: 1.
Compressed class space mapped at: 0x000002b301000000-0x000002b341000000, reserved size: 1073741824
Narrow klass base: 0x000002b300000000, Narrow klass shift: 0, Narrow klass range: 0x100000000

GC Precious Log:
 CPUs: 8 total, 8 available
 Memory: 16237M
 Large Page Support: Disabled
 NUMA Support: Disabled
 Compressed Oops: Enabled (Zero based)
 Heap Region Size: 2M
 Heap Min Capacity: 8M
 Heap Initial Capacity: 254M
 Heap Max Capacity: 4060M
 Pre-touch: Disabled
 Parallel Workers: 8
 Concurrent Workers: 2
 Concurrent Refinement Workers: 8
 Periodic GC: Disabled

Heap:
 garbage-first heap   total 260096K, used 22305K [0x0000000702400000, 0x0000000800000000)
  region size 2048K, 11 young (22528K), 2 survivors (4096K)
 Metaspace       used 15331K, committed 15744K, reserved 1114112K
  class space    used 2070K, committed 2240K, reserved 1048576K

Heap Regions: E=young(eden), S=young(survivor), O=old, HS=humongous(starts), HC=humongous(continues), CS=collection set, F=free, OA=open archive, CA=closed archive, TAMS=top-at-mark-start (previous, next)
|   0|0x0000000702400000, 0x0000000702600000, 0x0000000702600000|100%| O|  |TAMS 0x0000000702400000, 0x0000000702400000| Untracked 
|   1|0x0000000702600000, 0x0000000702799000, 0x0000000702800000| 79%| O|  |TAMS 0x0000000702600000, 0x0000000702600000| Untracked 
|   2|0x0000000702800000, 0x0000000702800000, 0x0000000702a00000|  0%| F|  |TAMS 0x0000000702800000, 0x0000000702800000| Untracked 
|   3|0x0000000702a00000, 0x0000000702a00000, 0x0000000702c00000|  0%| F|  |TAMS 0x0000000702a00000, 0x0000000702a00000| Untracked 
|   4|0x0000000702c00000, 0x0000000702c00000, 0x0000000702e00000|  0%| F|  |TAMS 0x0000000702c00000, 0x0000000702c00000| Untracked 
|   5|0x0000000702e00000, 0x0000000702e00000, 0x0000000703000000|  0%| F|  |TAMS 0x0000000702e00000, 0x0000000702e00000| Untracked 
|   6|0x0000000703000000, 0x0000000703000000, 0x0000000703200000|  0%| F|  |TAMS 0x0000000703000000, 0x0000000703000000| Untracked 
|   7|0x0000000703200000, 0x0000000703200000, 0x0000000703400000|  0%| F|  |TAMS 0x0000000703200000, 0x0000000703200000| Untracked 
|   8|0x0000000703400000, 0x0000000703400000, 0x0000000703600000|  0%| F|  |TAMS 0x0000000703400000, 0x0000000703400000| Untracked 
|   9|0x0000000703600000, 0x0000000703600000, 0x0000000703800000|  0%| F|  |TAMS 0x0000000703600000, 0x0000000703600000| Untracked 
|  10|0x0000000703800000, 0x0000000703800000, 0x0000000703a00000|  0%| F|  |TAMS 0x0000000703800000, 0x0000000703800000| Untracked 
|  11|0x0000000703a00000, 0x0000000703a00000, 0x0000000703c00000|  0%| F|  |TAMS 0x0000000703a00000, 0x0000000703a00000| Untracked 
|  12|0x0000000703c00000, 0x0000000703c00000, 0x0000000703e00000|  0%| F|  |TAMS 0x0000000703c00000, 0x0000000703c00000| Untracked 
|  13|0x0000000703e00000, 0x0000000703e00000, 0x0000000704000000|  0%| F|  |TAMS 0x0000000703e00000, 0x0000000703e00000| Untracked 
|  14|0x0000000704000000, 0x0000000704000000, 0x0000000704200000|  0%| F|  |TAMS 0x0000000704000000, 0x0000000704000000| Untracked 
|  15|0x0000000704200000, 0x0000000704200000, 0x0000000704400000|  0%| F|  |TAMS 0x0000000704200000, 0x0000000704200000| Untracked 
|  16|0x0000000704400000, 0x0000000704400000, 0x0000000704600000|  0%| F|  |TAMS 0x0000000704400000, 0x0000000704400000| Untracked 
|  17|0x0000000704600000, 0x0000000704600000, 0x0000000704800000|  0%| F|  |TAMS 0x0000000704600000, 0x0000000704600000| Untracked 
|  18|0x0000000704800000, 0x0000000704800000, 0x0000000704a00000|  0%| F|  |TAMS 0x0000000704800000, 0x0000000704800000| Untracked 
|  19|0x0000000704a00000, 0x0000000704a00000, 0x0000000704c00000|  0%| F|  |TAMS 0x0000000704a00000, 0x0000000704a00000| Untracked 
|  20|0x0000000704c00000, 0x0000000704c00000, 0x0000000704e00000|  0%| F|  |TAMS 0x0000000704c00000, 0x0000000704c00000| Untracked 
|  21|0x0000000704e00000, 0x0000000704e00000, 0x0000000705000000|  0%| F|  |TAMS 0x0000000704e00000, 0x0000000704e00000| Untracked 
|  22|0x0000000705000000, 0x0000000705000000, 0x0000000705200000|  0%| F|  |TAMS 0x0000000705000000, 0x0000000705000000| Untracked 
|  23|0x0000000705200000, 0x0000000705200000, 0x0000000705400000|  0%| F|  |TAMS 0x0000000705200000, 0x0000000705200000| Untracked 
|  24|0x0000000705400000, 0x0000000705400000, 0x0000000705600000|  0%| F|  |TAMS 0x0000000705400000, 0x0000000705400000| Untracked 
|  25|0x0000000705600000, 0x0000000705600000, 0x0000000705800000|  0%| F|  |TAMS 0x0000000705600000, 0x0000000705600000| Untracked 
|  26|0x0000000705800000, 0x0000000705800000, 0x0000000705a00000|  0%| F|  |TAMS 0x0000000705800000, 0x0000000705800000| Untracked 
|  27|0x0000000705a00000, 0x0000000705a00000, 0x0000000705c00000|  0%| F|  |TAMS 0x0000000705a00000, 0x0000000705a00000| Untracked 
|  28|0x0000000705c00000, 0x0000000705c00000, 0x0000000705e00000|  0%| F|  |TAMS 0x0000000705c00000, 0x0000000705c00000| Untracked 
|  29|0x0000000705e00000, 0x0000000705e00000, 0x0000000706000000|  0%| F|  |TAMS 0x0000000705e00000, 0x0000000705e00000| Untracked 
|  30|0x0000000706000000, 0x0000000706000000, 0x0000000706200000|  0%| F|  |TAMS 0x0000000706000000, 0x0000000706000000| Untracked 
|  31|0x0000000706200000, 0x0000000706200000, 0x0000000706400000|  0%| F|  |TAMS 0x0000000706200000, 0x0000000706200000| Untracked 
|  32|0x0000000706400000, 0x0000000706400000, 0x0000000706600000|  0%| F|  |TAMS 0x0000000706400000, 0x0000000706400000| Untracked 
|  33|0x0000000706600000, 0x0000000706600000, 0x0000000706800000|  0%| F|  |TAMS 0x0000000706600000, 0x0000000706600000| Untracked 
|  34|0x0000000706800000, 0x0000000706800000, 0x0000000706a00000|  0%| F|  |TAMS 0x0000000706800000, 0x0000000706800000| Untracked 
|  35|0x0000000706a00000, 0x0000000706a00000, 0x0000000706c00000|  0%| F|  |TAMS 0x0000000706a00000, 0x0000000706a00000| Untracked 
|  36|0x0000000706c00000, 0x0000000706c00000, 0x0000000706e00000|  0%| F|  |TAMS 0x0000000706c00000, 0x0000000706c00000| Untracked 
|  37|0x0000000706e00000, 0x0000000706e00000, 0x0000000707000000|  0%| F|  |TAMS 0x0000000706e00000, 0x0000000706e00000| Untracked 
|  38|0x0000000707000000, 0x0000000707000000, 0x0000000707200000|  0%| F|  |TAMS 0x0000000707000000, 0x0000000707000000| Untracked 
|  39|0x0000000707200000, 0x0000000707200000, 0x0000000707400000|  0%| F|  |TAMS 0x0000000707200000, 0x0000000707200000| Untracked 
|  40|0x0000000707400000, 0x0000000707400000, 0x0000000707600000|  0%| F|  |TAMS 0x0000000707400000, 0x0000000707400000| Untracked 
|  41|0x0000000707600000, 0x0000000707600000, 0x0000000707800000|  0%| F|  |TAMS 0x0000000707600000, 0x0000000707600000| Untracked 
|  42|0x0000000707800000, 0x0000000707800000, 0x0000000707a00000|  0%| F|  |TAMS 0x0000000707800000, 0x0000000707800000| Untracked 
|  43|0x0000000707a00000, 0x0000000707a00000, 0x0000000707c00000|  0%| F|  |TAMS 0x0000000707a00000, 0x0000000707a00000| Untracked 
|  44|0x0000000707c00000, 0x0000000707c00000, 0x0000000707e00000|  0%| F|  |TAMS 0x0000000707c00000, 0x0000000707c00000| Untracked 
|  45|0x0000000707e00000, 0x0000000707e00000, 0x0000000708000000|  0%| F|  |TAMS 0x0000000707e00000, 0x0000000707e00000| Untracked 
|  46|0x0000000708000000, 0x0000000708000000, 0x0000000708200000|  0%| F|  |TAMS 0x0000000708000000, 0x0000000708000000| Untracked 
|  47|0x0000000708200000, 0x0000000708200000, 0x0000000708400000|  0%| F|  |TAMS 0x0000000708200000, 0x0000000708200000| Untracked 
|  48|0x0000000708400000, 0x0000000708400000, 0x0000000708600000|  0%| F|  |TAMS 0x0000000708400000, 0x0000000708400000| Untracked 
|  49|0x0000000708600000, 0x0000000708600000, 0x0000000708800000|  0%| F|  |TAMS 0x0000000708600000, 0x0000000708600000| Untracked 
|  50|0x0000000708800000, 0x0000000708800000, 0x0000000708a00000|  0%| F|  |TAMS 0x0000000708800000, 0x0000000708800000| Untracked 
|  51|0x0000000708a00000, 0x0000000708a00000, 0x0000000708c00000|  0%| F|  |TAMS 0x0000000708a00000, 0x0000000708a00000| Untracked 
|  52|0x0000000708c00000, 0x0000000708c00000, 0x0000000708e00000|  0%| F|  |TAMS 0x0000000708c00000, 0x0000000708c00000| Untracked 
|  53|0x0000000708e00000, 0x0000000708e00000, 0x0000000709000000|  0%| F|  |TAMS 0x0000000708e00000, 0x0000000708e00000| Untracked 
|  54|0x0000000709000000, 0x0000000709000000, 0x0000000709200000|  0%| F|  |TAMS 0x0000000709000000, 0x0000000709000000| Untracked 
|  55|0x0000000709200000, 0x0000000709200000, 0x0000000709400000|  0%| F|  |TAMS 0x0000000709200000, 0x0000000709200000| Untracked 
|  56|0x0000000709400000, 0x0000000709400000, 0x0000000709600000|  0%| F|  |TAMS 0x0000000709400000, 0x0000000709400000| Untracked 
|  57|0x0000000709600000, 0x0000000709600000, 0x0000000709800000|  0%| F|  |TAMS 0x0000000709600000, 0x0000000709600000| Untracked 
|  58|0x0000000709800000, 0x0000000709800000, 0x0000000709a00000|  0%| F|  |TAMS 0x0000000709800000, 0x0000000709800000| Untracked 
|  59|0x0000000709a00000, 0x0000000709a00000, 0x0000000709c00000|  0%| F|  |TAMS 0x0000000709a00000, 0x0000000709a00000| Untracked 
|  60|0x0000000709c00000, 0x0000000709c00000, 0x0000000709e00000|  0%| F|  |TAMS 0x0000000709c00000, 0x0000000709c00000| Untracked 
|  61|0x0000000709e00000, 0x0000000709e00000, 0x000000070a000000|  0%| F|  |TAMS 0x0000000709e00000, 0x0000000709e00000| Untracked 
|  62|0x000000070a000000, 0x000000070a000000, 0x000000070a200000|  0%| F|  |TAMS 0x000000070a000000, 0x000000070a000000| Untracked 
|  63|0x000000070a200000, 0x000000070a200000, 0x000000070a400000|  0%| F|  |TAMS 0x000000070a200000, 0x000000070a200000| Untracked 
|  64|0x000000070a400000, 0x000000070a400000, 0x000000070a600000|  0%| F|  |TAMS 0x000000070a400000, 0x000000070a400000| Untracked 
|  65|0x000000070a600000, 0x000000070a600000, 0x000000070a800000|  0%| F|  |TAMS 0x000000070a600000, 0x000000070a600000| Untracked 
|  66|0x000000070a800000, 0x000000070a800000, 0x000000070aa00000|  0%| F|  |TAMS 0x000000070a800000, 0x000000070a800000| Untracked 
|  67|0x000000070aa00000, 0x000000070aa00000, 0x000000070ac00000|  0%| F|  |TAMS 0x000000070aa00000, 0x000000070aa00000| Untracked 
|  68|0x000000070ac00000, 0x000000070ac00000, 0x000000070ae00000|  0%| F|  |TAMS 0x000000070ac00000, 0x000000070ac00000| Untracked 
|  69|0x000000070ae00000, 0x000000070ae00000, 0x000000070b000000|  0%| F|  |TAMS 0x000000070ae00000, 0x000000070ae00000| Untracked 
|  70|0x000000070b000000, 0x000000070b000000, 0x000000070b200000|  0%| F|  |TAMS 0x000000070b000000, 0x000000070b000000| Untracked 
|  71|0x000000070b200000, 0x000000070b200000, 0x000000070b400000|  0%| F|  |TAMS 0x000000070b200000, 0x000000070b200000| Untracked 
|  72|0x000000070b400000, 0x000000070b400000, 0x000000070b600000|  0%| F|  |TAMS 0x000000070b400000, 0x000000070b400000| Untracked 
|  73|0x000000070b600000, 0x000000070b600000, 0x000000070b800000|  0%| F|  |TAMS 0x000000070b600000, 0x000000070b600000| Untracked 
|  74|0x000000070b800000, 0x000000070b800000, 0x000000070ba00000|  0%| F|  |TAMS 0x000000070b800000, 0x000000070b800000| Untracked 
|  75|0x000000070ba00000, 0x000000070ba00000, 0x000000070bc00000|  0%| F|  |TAMS 0x000000070ba00000, 0x000000070ba00000| Untracked 
|  76|0x000000070bc00000, 0x000000070bc00000, 0x000000070be00000|  0%| F|  |TAMS 0x000000070bc00000, 0x000000070bc00000| Untracked 
|  77|0x000000070be00000, 0x000000070be00000, 0x000000070c000000|  0%| F|  |TAMS 0x000000070be00000, 0x000000070be00000| Untracked 
|  78|0x000000070c000000, 0x000000070c000000, 0x000000070c200000|  0%| F|  |TAMS 0x000000070c000000, 0x000000070c000000| Untracked 
|  79|0x000000070c200000, 0x000000070c200000, 0x000000070c400000|  0%| F|  |TAMS 0x000000070c200000, 0x000000070c200000| Untracked 
|  80|0x000000070c400000, 0x000000070c400000, 0x000000070c600000|  0%| F|  |TAMS 0x000000070c400000, 0x000000070c400000| Untracked 
|  81|0x000000070c600000, 0x000000070c600000, 0x000000070c800000|  0%| F|  |TAMS 0x000000070c600000, 0x000000070c600000| Untracked 
|  82|0x000000070c800000, 0x000000070c800000, 0x000000070ca00000|  0%| F|  |TAMS 0x000000070c800000, 0x000000070c800000| Untracked 
|  83|0x000000070ca00000, 0x000000070ca00000, 0x000000070cc00000|  0%| F|  |TAMS 0x000000070ca00000, 0x000000070ca00000| Untracked 
|  84|0x000000070cc00000, 0x000000070cc00000, 0x000000070ce00000|  0%| F|  |TAMS 0x000000070cc00000, 0x000000070cc00000| Untracked 
|  85|0x000000070ce00000, 0x000000070ce00000, 0x000000070d000000|  0%| F|  |TAMS 0x000000070ce00000, 0x000000070ce00000| Untracked 
|  86|0x000000070d000000, 0x000000070d000000, 0x000000070d200000|  0%| F|  |TAMS 0x000000070d000000, 0x000000070d000000| Untracked 
|  87|0x000000070d200000, 0x000000070d200000, 0x000000070d400000|  0%| F|  |TAMS 0x000000070d200000, 0x000000070d200000| Untracked 
|  88|0x000000070d400000, 0x000000070d400000, 0x000000070d600000|  0%| F|  |TAMS 0x000000070d400000, 0x000000070d400000| Untracked 
|  89|0x000000070d600000, 0x000000070d600000, 0x000000070d800000|  0%| F|  |TAMS 0x000000070d600000, 0x000000070d600000| Untracked 
|  90|0x000000070d800000, 0x000000070d800000, 0x000000070da00000|  0%| F|  |TAMS 0x000000070d800000, 0x000000070d800000| Untracked 
|  91|0x000000070da00000, 0x000000070da00000, 0x000000070dc00000|  0%| F|  |TAMS 0x000000070da00000, 0x000000070da00000| Untracked 
|  92|0x000000070dc00000, 0x000000070dc00000, 0x000000070de00000|  0%| F|  |TAMS 0x000000070dc00000, 0x000000070dc00000| Untracked 
|  93|0x000000070de00000, 0x000000070de00000, 0x000000070e000000|  0%| F|  |TAMS 0x000000070de00000, 0x000000070de00000| Untracked 
|  94|0x000000070e000000, 0x000000070e000000, 0x000000070e200000|  0%| F|  |TAMS 0x000000070e000000, 0x000000070e000000| Untracked 
|  95|0x000000070e200000, 0x000000070e200000, 0x000000070e400000|  0%| F|  |TAMS 0x000000070e200000, 0x000000070e200000| Untracked 
|  96|0x000000070e400000, 0x000000070e400000, 0x000000070e600000|  0%| F|  |TAMS 0x000000070e400000, 0x000000070e400000| Untracked 
|  97|0x000000070e600000, 0x000000070e600000, 0x000000070e800000|  0%| F|  |TAMS 0x000000070e600000, 0x000000070e600000| Untracked 
|  98|0x000000070e800000, 0x000000070e800000, 0x000000070ea00000|  0%| F|  |TAMS 0x000000070e800000, 0x000000070e800000| Untracked 
|  99|0x000000070ea00000, 0x000000070ea00000, 0x000000070ec00000|  0%| F|  |TAMS 0x000000070ea00000, 0x000000070ea00000| Untracked 
| 100|0x000000070ec00000, 0x000000070ec00000, 0x000000070ee00000|  0%| F|  |TAMS 0x000000070ec00000, 0x000000070ec00000| Untracked 
| 101|0x000000070ee00000, 0x000000070ee00000, 0x000000070f000000|  0%| F|  |TAMS 0x000000070ee00000, 0x000000070ee00000| Untracked 
| 102|0x000000070f000000, 0x000000070f000000, 0x000000070f200000|  0%| F|  |TAMS 0x000000070f000000, 0x000000070f000000| Untracked 
| 103|0x000000070f200000, 0x000000070f200000, 0x000000070f400000|  0%| F|  |TAMS 0x000000070f200000, 0x000000070f200000| Untracked 
| 104|0x000000070f400000, 0x000000070f400000, 0x000000070f600000|  0%| F|  |TAMS 0x000000070f400000, 0x000000070f400000| Untracked 
| 105|0x000000070f600000, 0x000000070f600000, 0x000000070f800000|  0%| F|  |TAMS 0x000000070f600000, 0x000000070f600000| Untracked 
| 106|0x000000070f800000, 0x000000070f800000, 0x000000070fa00000|  0%| F|  |TAMS 0x000000070f800000, 0x000000070f800000| Untracked 
| 107|0x000000070fa00000, 0x000000070fa00000, 0x000000070fc00000|  0%| F|  |TAMS 0x000000070fa00000, 0x000000070fa00000| Untracked 
| 108|0x000000070fc00000, 0x000000070fc00000, 0x000000070fe00000|  0%| F|  |TAMS 0x000000070fc00000, 0x000000070fc00000| Untracked 
| 109|0x000000070fe00000, 0x000000070fe2f730, 0x0000000710000000|  9%| S|CS|TAMS 0x000000070fe00000, 0x000000070fe00000| Complete 
| 110|0x0000000710000000, 0x0000000710200000, 0x0000000710200000|100%| S|CS|TAMS 0x0000000710000000, 0x0000000710000000| Complete 
| 111|0x0000000710200000, 0x0000000710200000, 0x0000000710400000|  0%| F|  |TAMS 0x0000000710200000, 0x0000000710200000| Untracked 
| 112|0x0000000710400000, 0x0000000710400000, 0x0000000710600000|  0%| F|  |TAMS 0x0000000710400000, 0x0000000710400000| Untracked 
| 113|0x0000000710600000, 0x0000000710600000, 0x0000000710800000|  0%| F|  |TAMS 0x0000000710600000, 0x0000000710600000| Untracked 
| 114|0x0000000710800000, 0x0000000710800000, 0x0000000710a00000|  0%| F|  |TAMS 0x0000000710800000, 0x0000000710800000| Untracked 
| 115|0x0000000710a00000, 0x0000000710a00000, 0x0000000710c00000|  0%| F|  |TAMS 0x0000000710a00000, 0x0000000710a00000| Untracked 
| 116|0x0000000710c00000, 0x0000000710c00000, 0x0000000710e00000|  0%| F|  |TAMS 0x0000000710c00000, 0x0000000710c00000| Untracked 
| 117|0x0000000710e00000, 0x0000000710e00000, 0x0000000711000000|  0%| F|  |TAMS 0x0000000710e00000, 0x0000000710e00000| Untracked 
| 118|0x0000000711000000, 0x00000007111096a0, 0x0000000711200000| 51%| E|  |TAMS 0x0000000711000000, 0x0000000711000000| Complete 
| 119|0x0000000711200000, 0x0000000711400000, 0x0000000711400000|100%| E|CS|TAMS 0x0000000711200000, 0x0000000711200000| Complete 
| 120|0x0000000711400000, 0x0000000711600000, 0x0000000711600000|100%| E|CS|TAMS 0x0000000711400000, 0x0000000711400000| Complete 
| 121|0x0000000711600000, 0x0000000711800000, 0x0000000711800000|100%| E|CS|TAMS 0x0000000711600000, 0x0000000711600000| Complete 
| 122|0x0000000711800000, 0x0000000711a00000, 0x0000000711a00000|100%| E|CS|TAMS 0x0000000711800000, 0x0000000711800000| Complete 
| 123|0x0000000711a00000, 0x0000000711c00000, 0x0000000711c00000|100%| E|CS|TAMS 0x0000000711a00000, 0x0000000711a00000| Complete 
| 124|0x0000000711c00000, 0x0000000711e00000, 0x0000000711e00000|100%| E|CS|TAMS 0x0000000711c00000, 0x0000000711c00000| Complete 
| 125|0x0000000711e00000, 0x0000000712000000, 0x0000000712000000|100%| E|CS|TAMS 0x0000000711e00000, 0x0000000711e00000| Complete 
| 126|0x0000000712000000, 0x0000000712200000, 0x0000000712200000|100%| E|CS|TAMS 0x0000000712000000, 0x0000000712000000| Complete 

Card table byte_map: [0x000002b36b0b0000,0x000002b36b8a0000] _byte_map_base: 0x000002b36789e000

Marking Bits (Prev, Next): (CMBitMap*) 0x000002b35ff61290, (CMBitMap*) 0x000002b35ff612d0
 Prev Bits: [0x000002b36c090000, 0x000002b370000000)
 Next Bits: [0x000002b370000000, 0x000002b373f70000)

Polling page: 0x000002b35de60000

Metaspace:

Usage:
  Non-class:     12.95 MB used.
      Class:      2.02 MB used.
       Both:     14.97 MB used.

Virtual space:
  Non-class space:       64.00 MB reserved,      13.19 MB ( 21%) committed,  1 nodes.
      Class space:        1.00 GB reserved,       2.19 MB ( <1%) committed,  1 nodes.
             Both:        1.06 GB reserved,      15.38 MB (  1%) committed. 

Chunk freelists:
   Non-Class:  2.86 MB
       Class:  13.64 MB
        Both:  16.50 MB

MaxMetaspaceSize: unlimited
CompressedClassSpaceSize: 1.00 GB
Initial GC threshold: 21.00 MB
Current GC threshold: 21.00 MB
CDS: on
MetaspaceReclaimPolicy: balanced
 - commit_granule_bytes: 65536.
 - commit_granule_words: 8192.
 - virtual_space_node_default_size: 8388608.
 - enlarge_chunks_in_place: 1.
 - new_chunks_are_fully_committed: 0.
 - uncommit_free_chunks: 1.
 - use_allocation_guard: 0.
 - handle_deallocations: 1.


Internal statistics:

num_allocs_failed_limit: 0.
num_arena_births: 456.
num_arena_deaths: 0.
num_vsnodes_births: 2.
num_vsnodes_deaths: 0.
num_space_committed: 246.
num_space_uncommitted: 0.
num_chunks_returned_to_freelist: 0.
num_chunks_taken_from_freelist: 1042.
num_chunk_merges: 0.
num_chunk_splits: 659.
num_chunks_enlarged: 432.
num_inconsistent_stats: 0.

CodeCache: size=49152Kb used=7452Kb max_used=7452Kb free=41699Kb
 bounds [0x000002b3677b0000, 0x000002b367f00000, 0x000002b36a7b0000]
 total_blobs=3840 nmethods=2754 adapters=1010
 compilation: enabled
              stopped_count=0, restarted_count=0
 full_count=0

Compilation events (20 events):
Event: 0.731 Thread 0x000002b376c1a8b0 2744       1       java.nio.HeapByteBuffer::put (12 bytes)
Event: 0.731 Thread 0x000002b376c3cdf0 2745       1       java.nio.Buffer::checkScope (16 bytes)
Event: 0.731 Thread 0x000002b376c3db20 2747   !   1       java.nio.ByteBuffer::putBuffer (142 bytes)
Event: 0.731 Thread 0x000002b376b06a40 2746       1       java.nio.ByteBuffer::put (124 bytes)
Event: 0.731 Thread 0x000002b376c3cdf0 nmethod 2745 0x000002b367ef3590 code [0x000002b367ef3740, 0x000002b367ef3878]
Event: 0.731 Thread 0x000002b376c1a8b0 nmethod 2744 0x000002b367ef3910 code [0x000002b367ef3ac0, 0x000002b367ef3c28]
Event: 0.731 Thread 0x000002b376c3cdf0 2748   !   1       jdk.internal.misc.ScopedMemoryAccess::copyMemory (31 bytes)
Event: 0.731 Thread 0x000002b376c1a8b0 2749   !   1       jdk.internal.misc.ScopedMemoryAccess::copyMemoryInternal (60 bytes)
Event: 0.732 Thread 0x000002b376b06a40 nmethod 2746 0x000002b367ef3d10 code [0x000002b367ef3f00, 0x000002b367ef42a8]
Event: 0.732 Thread 0x000002b376b06a40 2750       1       jdk.internal.misc.Unsafe::checkNativeAddress (28 bytes)
Event: 0.732 Thread 0x000002b376b06a40 nmethod 2750 0x000002b367ef4510 code [0x000002b367ef46a0, 0x000002b367ef4758]
Event: 0.732 Thread 0x000002b376c3db20 nmethod 2747 0x000002b367ef4810 code [0x000002b367ef4a20, 0x000002b367ef4e58]
Event: 0.732 Thread 0x000002b376c3cdf0 nmethod 2748 0x000002b367ef5210 code [0x000002b367ef53e0, 0x000002b367ef5678]
Event: 0.732 Thread 0x000002b376c3db20 2751       1       java.io.InputStream::read (9 bytes)
Event: 0.732 Thread 0x000002b376c3db20 nmethod 2751 0x000002b367ef5810 code [0x000002b367ef59a0, 0x000002b367ef5aa8]
Event: 0.732 Thread 0x000002b376c1a8b0 nmethod 2749 0x000002b367ef5b90 code [0x000002b367ef5de0, 0x000002b367ef6378]
Event: 0.736 Thread 0x000002b376c1a8b0 2753       1       sun.misc.Unsafe::putLong (11 bytes)
Event: 0.736 Thread 0x000002b376c3db20 2754       1       org.lwjgl.system.MemoryUtil::memPutAddress (29 bytes)
Event: 0.736 Thread 0x000002b376c1a8b0 nmethod 2753 0x000002b367ef6d90 code [0x000002b367ef6f20, 0x000002b367ef6ff8]
Event: 0.736 Thread 0x000002b376c3db20 nmethod 2754 0x000002b367ef7090 code [0x000002b367ef7220, 0x000002b367ef72d8]

GC Heap History (4 events):
Event: 0.278 GC heap before
{Heap before GC invocations=0 (full 0):
 garbage-first heap   total 260096K, used 22528K [0x0000000702400000, 0x0000000800000000)
  region size 2048K, 11 young (22528K), 0 survivors (0K)
 Metaspace       used 5495K, committed 5696K, reserved 1114112K
  class space    used 778K, committed 896K, reserved 1048576K
}
Event: 0.280 GC heap after
{Heap after GC invocations=1 (full 0):
 garbage-first heap   total 260096K, used 3867K [0x0000000702400000, 0x0000000800000000)
  region size 2048K, 2 young (4096K), 2 survivors (4096K)
 Metaspace       used 5495K, committed 5696K, reserved 1114112K
  class space    used 778K, committed 896K, reserved 1048576K
}
Event: 0.530 GC heap before
{Heap before GC invocations=1 (full 0):
 garbage-first heap   total 260096K, used 32539K [0x0000000702400000, 0x0000000800000000)
  region size 2048K, 16 young (32768K), 2 survivors (4096K)
 Metaspace       used 10199K, committed 10432K, reserved 1114112K
  class space    used 1518K, committed 1600K, reserved 1048576K
}
Event: 0.533 GC heap after
{Heap after GC invocations=2 (full 0):
 garbage-first heap   total 260096K, used 5921K [0x0000000702400000, 0x0000000800000000)
  region size 2048K, 2 young (4096K), 2 survivors (4096K)
 Metaspace       used 10199K, committed 10432K, reserved 1114112K
  class space    used 1518K, committed 1600K, reserved 1048576K
}

Deoptimization events (0 events):
No events

Classes unloaded (0 events):
No events

Classes redefined (0 events):
No events

Internal exceptions (20 events):
Event: 0.598 Thread 0x000002b35fef5270 Exception <a 'java/lang/NoClassDefFoundError'{0x0000000711851fc8}: liquibase/integration/spring/SpringLiquibase> (0x0000000711851fc8) 
thrown [s\open\src\hotspot\share\classfile\systemDictionary.cpp, line 245]
Event: 0.611 Thread 0x000002b35fef5270 Exception <a 'java/lang/NoSuchMethodError'{0x00000007119697c0}: 'void java.lang.invoke.DirectMethodHandle$Holder.invokeSpecial(java.lang.Object, java.lang.Object, java.lang.Object, java.lang.Object, java.lang.Object, java.lang.Object)'> (0x00000007119697c0) 
thrown [s\open\src\hotspot\share\interpreter\linkResolver.cpp, line 759]
Event: 0.621 Thread 0x000002b35fef5270 Exception <a 'java/lang/NoSuchMethodError'{0x0000000711667730}: 'int java.lang.invoke.DirectMethodHandle$Holder.invokeStaticInit(java.lang.Object, int, java.lang.Object, java.lang.Object, java.lang.Object, java.lang.Object)'> (0x0000000711667730) 
thrown [s\open\src\hotspot\share\interpreter\linkResolver.cpp, line 759]
Event: 0.640 Thread 0x000002b35fef5270 Exception <a 'sun/nio/fs/WindowsException'{0x00000007117d18d8}> (0x00000007117d18d8) 
thrown [s\open\src\hotspot\share\prims\jni.cpp, line 516]
Event: 0.640 Thread 0x000002b35fef5270 Exception <a 'sun/nio/fs/WindowsException'{0x00000007117d1c50}> (0x00000007117d1c50) 
thrown [s\open\src\hotspot\share\prims\jni.cpp, line 516]
Event: 0.658 Thread 0x000002b35fef5270 Exception <a 'java/lang/NoSuchMethodError'{0x000000071149ad78}: 'int java.lang.invoke.DirectMethodHandle$Holder.invokeStaticInit(java.lang.Object, java.lang.Object, int, long)'> (0x000000071149ad78) 
thrown [s\open\src\hotspot\share\interpreter\linkResolver.cpp, line 759]
Event: 0.658 Thread 0x000002b35fef5270 Exception <a 'java/lang/NoSuchMethodError'{0x00000007114a0bb0}: 'java.lang.Object java.lang.invoke.DirectMethodHandle$Holder.newInvokeSpecial(java.lang.Object, java.lang.Object, int)'> (0x00000007114a0bb0) 
thrown [s\open\src\hotspot\share\interpreter\linkResolver.cpp, line 759]
Event: 0.659 Thread 0x000002b35fef5270 Exception <a 'java/lang/NoSuchMethodError'{0x00000007114afe10}: 'int java.lang.invoke.DirectMethodHandle$Holder.invokeStaticInit(java.lang.Object, java.lang.Object, long, long)'> (0x00000007114afe10) 
thrown [s\open\src\hotspot\share\interpreter\linkResolver.cpp, line 759]
Event: 0.659 Thread 0x000002b35fef5270 Exception <a 'java/lang/NoSuchMethodError'{0x00000007114ba110}: 'int java.lang.invoke.DirectMethodHandle$Holder.invokeStaticInit(java.lang.Object, java.lang.Object, java.lang.Object, long)'> (0x00000007114ba110) 
thrown [s\open\src\hotspot\share\interpreter\linkResolver.cpp, line 759]
Event: 0.664 Thread 0x000002b35fef5270 Exception <a 'sun/nio/fs/WindowsException'{0x00000007114f21f0}> (0x00000007114f21f0) 
thrown [s\open\src\hotspot\share\prims\jni.cpp, line 516]
Event: 0.664 Thread 0x000002b35fef5270 Exception <a 'sun/nio/fs/WindowsException'{0x00000007114f25b0}> (0x00000007114f25b0) 
thrown [s\open\src\hotspot\share\prims\jni.cpp, line 516]
Event: 0.686 Thread 0x000002b35fef5270 Exception <a 'java/lang/ClassNotFoundException'{0x00000007115f8ae0}: sun/awt/resources/spi/awtProvider> (0x00000007115f8ae0) 
thrown [s\open\src\hotspot\share\classfile\systemDictionary.cpp, line 256]
Event: 0.688 Thread 0x000002b35fef5270 Exception <a 'java/io/FileNotFoundException'{0x0000000711208040}> (0x0000000711208040) 
thrown [s\open\src\hotspot\share\prims\jni.cpp, line 516]
Event: 0.688 Thread 0x000002b35fef5270 Exception <a 'java/io/FileNotFoundException'{0x0000000711209848}> (0x0000000711209848) 
thrown [s\open\src\hotspot\share\prims\jni.cpp, line 516]
Event: 0.692 Thread 0x000002b35fef5270 Exception <a 'java/lang/NoSuchMethodError'{0x000000071122b030}: 'java.lang.Object java.lang.invoke.DirectMethodHandle$Holder.invokeStaticInit(java.lang.Object, int, int, int, int)'> (0x000000071122b030) 
thrown [s\open\src\hotspot\share\interpreter\linkResolver.cpp, line 759]
Event: 0.716 Thread 0x000002b35fef5270 Exception <a 'java/lang/NoSuchMethodError'{0x000000071131c080}: 'java.lang.Object java.lang.invoke.DirectMethodHandle$Holder.invokeStaticInit(java.lang.Object, java.lang.Object, int, int, int, int)'> (0x000000071131c080) 
thrown [s\open\src\hotspot\share\interpreter\linkResolver.cpp, line 759]
Event: 0.732 Thread 0x000002b35fef5270 Exception <a 'sun/nio/fs/WindowsException'{0x00000007113e5ab8}> (0x00000007113e5ab8) 
thrown [s\open\src\hotspot\share\prims\jni.cpp, line 516]
Event: 0.732 Thread 0x000002b35fef5270 Exception <a 'sun/nio/fs/WindowsException'{0x00000007113e5e78}> (0x00000007113e5e78) 
thrown [s\open\src\hotspot\share\prims\jni.cpp, line 516]
Event: 0.735 Thread 0x000002b35fef5270 Exception <a 'sun/nio/fs/WindowsException'{0x00000007113f0c20}> (0x00000007113f0c20) 
thrown [s\open\src\hotspot\share\prims\jni.cpp, line 516]
Event: 0.735 Thread 0x000002b35fef5270 Exception <a 'sun/nio/fs/WindowsException'{0x00000007113f0f20}> (0x00000007113f0f20) 
thrown [s\open\src\hotspot\share\prims\jni.cpp, line 516]

VM Operations (20 events):
Event: 0.415 Executing VM operation: HandshakeAllThreads
Event: 0.415 Executing VM operation: HandshakeAllThreads done
Event: 0.469 Executing VM operation: HandshakeAllThreads
Event: 0.469 Executing VM operation: HandshakeAllThreads done
Event: 0.479 Executing VM operation: HandshakeAllThreads
Event: 0.479 Executing VM operation: HandshakeAllThreads done
Event: 0.482 Executing VM operation: HandshakeAllThreads
Event: 0.482 Executing VM operation: HandshakeAllThreads done
Event: 0.530 Executing VM operation: G1CollectForAllocation
Event: 0.533 Executing VM operation: G1CollectForAllocation done
Event: 0.569 Executing VM operation: HandshakeAllThreads
Event: 0.569 Executing VM operation: HandshakeAllThreads done
Event: 0.613 Executing VM operation: HandshakeAllThreads
Event: 0.613 Executing VM operation: HandshakeAllThreads done
Event: 0.613 Executing VM operation: HandshakeAllThreads
Event: 0.613 Executing VM operation: HandshakeAllThreads done
Event: 0.644 Executing VM operation: HandshakeAllThreads
Event: 0.644 Executing VM operation: HandshakeAllThreads done
Event: 0.683 Executing VM operation: HandshakeAllThreads
Event: 0.683 Executing VM operation: HandshakeAllThreads done

Events (20 events):
Event: 0.722 loading class java/awt/image/BufferedImage done
Event: 0.722 loading class java/awt/ImageCapabilities
Event: 0.722 loading class java/awt/ImageCapabilities done
Event: 0.722 loading class java/awt/Image$1
Event: 0.722 loading class sun/awt/image/SurfaceManager$ImageAccessor
Event: 0.722 loading class sun/awt/image/SurfaceManager$ImageAccessor done
Event: 0.722 loading class java/awt/Image$1 done
Event: 0.722 loading class sun/awt/image/SurfaceManager
Event: 0.722 loading class sun/awt/image/SurfaceManager done
Event: 0.722 loading class java/awt/image/BufferedImage$1
Event: 0.722 loading class java/awt/image/BufferedImage$1 done
Event: 0.722 loading class sun/awt/image/IntegerComponentRaster
Event: 0.722 loading class sun/awt/image/IntegerComponentRaster done
Event: 0.722 loading class java/awt/image/IndexColorModel
Event: 0.722 loading class java/awt/image/IndexColorModel done
Event: 0.722 loading class sun/awt/image/ShortComponentRaster
Event: 0.722 loading class sun/awt/image/ShortComponentRaster done
Event: 0.722 loading class com/sun/imageio/plugins/common/ReaderUtil
Event: 0.722 loading class com/sun/imageio/plugins/common/ReaderUtil done
Event: 0.733 Loaded shared library C:\Users\ADMIN.DESKTOP-R3GCAJ5\AppData\Local\Temp\lwjgl_ADMIN\3.3.2+13\x64\lwjgl_opengl.dll


Dynamic libraries:
0x00007ff69ae40000 - 0x00007ff69ae50000 	C:\Program Files\Java\jdk-17\bin\java.exe
0x00007ffef4370000 - 0x00007ffef4568000 	C:\Windows\SYSTEM32\ntdll.dll
0x00007ffef2ac0000 - 0x00007ffef2b82000 	C:\Windows\System32\KERNEL32.DLL
0x00007ffef1e80000 - 0x00007ffef217f000 	C:\Windows\System32\KERNELBASE.dll
0x00007ffef1cf0000 - 0x00007ffef1df0000 	C:\Windows\System32\ucrtbase.dll
0x00007ffed8220000 - 0x00007ffed823b000 	C:\Program Files\Java\jdk-17\bin\VCRUNTIME140.dll
0x00007ffed7570000 - 0x00007ffed7589000 	C:\Program Files\Java\jdk-17\bin\jli.dll
0x00007ffef2a00000 - 0x00007ffef2aaf000 	C:\Windows\System32\ADVAPI32.dll
0x00007ffef2960000 - 0x00007ffef29fe000 	C:\Windows\System32\msvcrt.dll
0x00007ffef2620000 - 0x00007ffef26bf000 	C:\Windows\System32\sechost.dll
0x00007ffef26c0000 - 0x00007ffef27e3000 	C:\Windows\System32\RPCRT4.dll
0x00007ffef1a10000 - 0x00007ffef1a37000 	C:\Windows\System32\bcrypt.dll
0x00007ffef2390000 - 0x00007ffef252d000 	C:\Windows\System32\USER32.dll
0x00007ffedbb50000 - 0x00007ffedbdea000 	C:\Windows\WinSxS\amd64_microsoft.windows.common-controls_6595b64144ccf1df_6.0.19041.4355_none_60b8b9eb71f62e16\COMCTL32.dll
0x00007ffef1b00000 - 0x00007ffef1b22000 	C:\Windows\System32\win32u.dll
0x00007ffef32b0000 - 0x00007ffef32db000 	C:\Windows\System32\GDI32.dll
0x00007ffef1b30000 - 0x00007ffef1c4a000 	C:\Windows\System32\gdi32full.dll
0x00007ffef1c50000 - 0x00007ffef1ced000 	C:\Windows\System32\msvcp_win.dll
0x00007ffee9c60000 - 0x00007ffee9c6a000 	C:\Windows\SYSTEM32\VERSION.dll
0x00007ffef2530000 - 0x00007ffef255f000 	C:\Windows\System32\IMM32.DLL
0x00007ffee3f60000 - 0x00007ffee3f6c000 	C:\Program Files\Java\jdk-17\bin\vcruntime140_1.dll
0x00007ffe71ec0000 - 0x00007ffe71f4e000 	C:\Program Files\Java\jdk-17\bin\msvcp140.dll
0x00007ffe697b0000 - 0x00007ffe6a38f000 	C:\Program Files\Java\jdk-17\bin\server\jvm.dll
0x00007ffef2ab0000 - 0x00007ffef2ab8000 	C:\Windows\System32\PSAPI.DLL
0x00007ffee2f60000 - 0x00007ffee2f87000 	C:\Windows\SYSTEM32\WINMM.dll
0x00007ffec4520000 - 0x00007ffec4529000 	C:\Windows\SYSTEM32\WSOCK32.dll
0x00007ffef2b90000 - 0x00007ffef2bfb000 	C:\Windows\System32\WS2_32.dll
0x00007ffeef8b0000 - 0x00007ffeef8c2000 	C:\Windows\SYSTEM32\kernel.appcore.dll
0x00007ffed7ee0000 - 0x00007ffed7eea000 	C:\Program Files\Java\jdk-17\bin\jimage.dll
0x00007ffee2620000 - 0x00007ffee2804000 	C:\Windows\SYSTEM32\DBGHELP.DLL
0x00007ffed6540000 - 0x00007ffed6574000 	C:\Windows\SYSTEM32\dbgcore.DLL
0x00007ffef1df0000 - 0x00007ffef1e72000 	C:\Windows\System32\bcryptPrimitives.dll
0x00007ffed7000000 - 0x00007ffed7025000 	C:\Program Files\Java\jdk-17\bin\java.dll
0x00007ffe6f900000 - 0x00007ffe6f9d7000 	C:\Program Files\Java\jdk-17\bin\jsvml.dll
0x00007ffef3880000 - 0x00007ffef3fed000 	C:\Windows\System32\SHELL32.dll
0x00007ffeefab0000 - 0x00007ffef0254000 	C:\Windows\SYSTEM32\windows.storage.dll
0x00007ffef2c70000 - 0x00007ffef2fc5000 	C:\Windows\System32\combase.dll
0x00007ffef1440000 - 0x00007ffef146b000 	C:\Windows\SYSTEM32\Wldp.dll
0x00007ffef3ff0000 - 0x00007ffef40bd000 	C:\Windows\System32\OLEAUT32.dll
0x00007ffef2570000 - 0x00007ffef261d000 	C:\Windows\System32\SHCORE.dll
0x00007ffef2c00000 - 0x00007ffef2c55000 	C:\Windows\System32\shlwapi.dll
0x00007ffef1940000 - 0x00007ffef1965000 	C:\Windows\SYSTEM32\profapi.dll
0x00007ffed7550000 - 0x00007ffed7569000 	C:\Program Files\Java\jdk-17\bin\net.dll
0x00007ffeeaee0000 - 0x00007ffeeafea000 	C:\Windows\SYSTEM32\WINHTTP.dll
0x00007ffef11a0000 - 0x00007ffef120c000 	C:\Windows\system32\mswsock.dll
0x00007ffec5970000 - 0x00007ffec5986000 	C:\Program Files\Java\jdk-17\bin\nio.dll
0x00007ffec46f0000 - 0x00007ffec4708000 	C:\Program Files\Java\jdk-17\bin\zip.dll
0x00007ffe722f0000 - 0x00007ffe7236a000 	C:\Users\ADMIN.DESKTOP-R3GCAJ5\AppData\Local\Temp\lwjgl_ADMIN\3.3.2+13\x64\lwjgl.dll
0x00007ffe618d0000 - 0x00007ffe61b40000 	C:\Users\ADMIN~1.DES\AppData\Local\Temp\lwjgl_ADMIN\3.3.2+13\x64\jemalloc.dll
0x00007ffe5f380000 - 0x00007ffe5f511000 	C:\Program Files\Java\jdk-17\bin\awt.dll
0x00007ffeee7d0000 - 0x00007ffeee864000 	C:\Windows\SYSTEM32\apphelp.dll
0x00007ffef13a0000 - 0x00007ffef13b8000 	C:\Windows\SYSTEM32\CRYPTSP.dll
0x00007ffef0a50000 - 0x00007ffef0a88000 	C:\Windows\system32\rsaenh.dll
0x00007ffef1900000 - 0x00007ffef192e000 	C:\Windows\SYSTEM32\USERENV.dll
0x00007ffef1390000 - 0x00007ffef139c000 	C:\Windows\SYSTEM32\CRYPTBASE.dll
0x00007ffef0e30000 - 0x00007ffef0e6b000 	C:\Windows\SYSTEM32\IPHLPAPI.DLL
0x00007ffef2560000 - 0x00007ffef2568000 	C:\Windows\System32\NSI.dll
0x00007ffeeb800000 - 0x00007ffeeb817000 	C:\Windows\SYSTEM32\dhcpcsvc6.DLL
0x00007ffeeba30000 - 0x00007ffeeba4d000 	C:\Windows\SYSTEM32\dhcpcsvc.DLL
0x00007ffef0e80000 - 0x00007ffef0f4a000 	C:\Windows\SYSTEM32\DNSAPI.dll
0x00007ffe70070000 - 0x00007ffe700ce000 	C:\Users\ADMIN.DESKTOP-R3GCAJ5\AppData\Local\Temp\lwjgl_ADMIN\3.3.2+13\x64\lwjgl_opengl.dll
0x00007ffea01e0000 - 0x00007ffea0308000 	C:\Windows\SYSTEM32\opengl32.dll
0x00007ffea9820000 - 0x00007ffea984c000 	C:\Windows\SYSTEM32\GLU32.dll

dbghelp: loaded successfully - version: 4.0.5 - missing functions: none
symbol engine: initialized successfully - sym options: 0x614 - pdb path: .;C:\Program Files\Java\jdk-17\bin;C:\Windows\SYSTEM32;C:\Windows\WinSxS\amd64_microsoft.windows.common-controls_6595b64144ccf1df_6.0.19041.4355_none_60b8b9eb71f62e16;C:\Program Files\Java\jdk-17\bin\server;C:\Users\ADMIN.DESKTOP-R3GCAJ5\AppData\Local\Temp\lwjgl_ADMIN\3.3.2+13\x64;C:\Users\ADMIN~1.DES\AppData\Local\Temp\lwjgl_ADMIN\3.3.2+13\x64

VM Arguments:
jvm_args: -XX:TieredStopAtLevel=1 
java_command: ctu.game.platformer.PlatformApplication
java_class_path (initial): D:\FlaformerVisualNovel\flatformer\target\classes;C:\Users\ADMIN.DESKTOP-R3GCAJ5\.m2\repository\org\springframework\boot\spring-boot\3.4.4\spring-boot-3.4.4.jar;C:\Users\ADMIN.DESKTOP-R3GCAJ5\.m2\repository\org\springframework\spring-context\6.2.5\spring-context-6.2.5.jar;C:\Users\ADMIN.DESKTOP-R3GCAJ5\.m2\repository\org\springframework\spring-aop\6.2.5\spring-aop-6.2.5.jar;C:\Users\ADMIN.DESKTOP-R3GCAJ5\.m2\repository\org\springframework\spring-beans\6.2.5\spring-beans-6.2.5.jar;C:\Users\ADMIN.DESKTOP-R3GCAJ5\.m2\repository\org\springframework\spring-expression\6.2.5\spring-expression-6.2.5.jar;C:\Users\ADMIN.DESKTOP-R3GCAJ5\.m2\repository\io\micrometer\micrometer-observation\1.14.5\micrometer-observation-1.14.5.jar;C:\Users\ADMIN.DESKTOP-R3GCAJ5\.m2\repository\io\micrometer\micrometer-commons\1.14.5\micrometer-commons-1.14.5.jar;C:\Users\ADMIN.DESKTOP-R3GCAJ5\.m2\repository\org\springframework\boot\spring-boot-autoconfigure\3.4.4\spring-boot-autoconfigure-3.4.4.jar;C:\Users\ADMIN.DESKTOP-R3GCAJ5\.m2\repository\ch\qos\logback\logback-classic\1.5.18\logback-classic-1.5.18.jar;C:\Users\ADMIN.DESKTOP-R3GCAJ5\.m2\repository\ch\qos\logback\logback-core\1.5.18\logback-core-1.5.18.jar;C:\Users\ADMIN.DESKTOP-R3GCAJ5\.m2\repository\org\apache\logging\log4j\log4j-to-slf4j\2.24.3\log4j-to-slf4j-2.24.3.jar;C:\Users\ADMIN.DESKTOP-R3GCAJ5\.m2\repository\org\apache\logging\log4j\log4j-api\2.24.3\log4j-api-2.24.3.jar;C:\Users\ADMIN.DESKTOP-R3GCAJ5\.m2\repository\org\slf4j\jul-to-slf4j\2.0.17\jul-to-slf4j-2.0.17.jar;C:\Users\ADMIN.DESKTOP-R3GCAJ5\.m2\repository\jakarta\annotation\jakarta.annotation-api\2.1.1\jakarta.annotation-api-2.1.1.jar;C:\Users\ADMIN.DESKTOP-R3GCAJ5\.m2\repository\org\springframework\spring-core\6.2.5\spring-core-6.2.5.jar;C:\Users\ADMIN.DESKTOP-R3GCAJ5\.m2\repository\org\springframework\spring-jcl\6.2.5\spring-jcl-6.2.5.jar;C:\Users\ADMIN.DESKTOP-R3GCAJ5\.m2\repository\org\yaml\snakeyaml\2.3\snakeyaml-2.3.jar;C:\Users\ADMIN.DESKTO
Launcher Type: SUN_STANDARD

[Global flags]
     intx CICompilerCount                          = 4                                         {product} {ergonomic}
     uint ConcGCThreads                            = 2                                         {product} {ergonomic}
     uint G1ConcRefinementThreads                  = 8                                         {product} {ergonomic}
   size_t G1HeapRegionSize                         = 2097152                                   {product} {ergonomic}
    uintx GCDrainStackTargetSize                   = 64                                        {product} {ergonomic}
   size_t InitialHeapSize                          = 266338304                                 {product} {ergonomic}
   size_t MarkStackSize                            = 4194304                                   {product} {ergonomic}
   size_t MaxHeapSize                              = 4257218560                                {product} {ergonomic}
   size_t MaxNewSize                               = 2554331136                                {product} {ergonomic}
   size_t MinHeapDeltaBytes                        = 2097152                                   {product} {ergonomic}
   size_t MinHeapSize                              = 8388608                                   {product} {ergonomic}
    uintx NonProfiledCodeHeapSize                  = 0                                      {pd product} {ergonomic}
     bool ProfileInterpreter                       = false                                  {pd product} {command line}
    uintx ProfiledCodeHeapSize                     = 0                                      {pd product} {ergonomic}
   size_t SoftMaxHeapSize                          = 4257218560                             {manageable} {ergonomic}
     intx TieredStopAtLevel                        = 1                                         {product} {command line}
     bool UseCompressedClassPointers               = true                           {product lp64_product} {ergonomic}
     bool UseCompressedOops                        = true                           {product lp64_product} {ergonomic}
     bool UseG1GC                                  = true                                      {product} {ergonomic}
     bool UseLargePagesIndividualAllocation        = false                                  {pd product} {ergonomic}

Logging:
Log output configuration:
 #0: stdout all=warning uptime,level,tags
 #1: stderr all=off uptime,level,tags

Environment Variables:
JAVA_HOME=C:\Program Files\Java\jdk-17
PATH=C:\Program Files\Common Files\Oracle\Java\javapath;C:\Windows\system32;C:\Windows;C:\Windows\System32\Wbem;C:\Windows\System32\WindowsPowerShell\v1.0\;C:\Windows\System32\OpenSSH\;C:\Program Files (x86)\NVIDIA Corporation\PhysX\Common;C:\Program Files\nodejs\;C:\Program Files\Java\jdk-17\bin;C:\Program Files\dotnet\;C:\Program Files\NVIDIA Corporation\NVIDIA app\NvDLISR;C:\Program Files\Cloudflare\Cloudflare WARP\;D:\Git\cmd;C:\Users\ADMIN.DESKTOP-R3GCAJ5\AppData\Local\Microsoft\WindowsApps;C:\Users\ADMIN.DESKTOP-R3GCAJ5\AppData\Roaming\npm
USERNAME=ADMIN
OS=Windows_NT
PROCESSOR_IDENTIFIER=Intel64 Family 6 Model 151 Stepping 5, GenuineIntel



---------------  S Y S T E M  ---------------

OS:
 Windows 10 , 64 bit Build 19041 (10.0.19041.5438)
OS uptime: 2 days 8:32 hours

CPU: total 8 (initial active 8) (4 cores per cpu, 2 threads per core) family 6 model 151 stepping 5 microcode 0x32, cx8, cmov, fxsr, ht, mmx, 3dnowpref, sse, sse2, sse3, ssse3, sse4.1, sse4.2, popcnt, lzcnt, tsc, tscinvbit, avx, avx2, aes, erms, clmul, bmi1, bmi2, adx, sha, fma, vzeroupper, clflush, clflushopt, clwb

Memory: 4k page, system-wide physical 16237M (6261M free)
TotalPageFile size 26477M (AvailPageFile size 11797M)
current process WorkingSet (physical memory assigned to process): 103M, peak: 103M
current process commit charge ("private bytes"): 376M, peak: 376M

vm_info: Java HotSpot(TM) 64-Bit Server VM (17.0.10+11-LTS-240) for windows-amd64 JRE (17.0.10+11-LTS-240), built on Dec 19 2023 21:47:25 by "mach5one" with MS VC++ 17.1 (VS2022)

END.
